{"meta": {"format": 3, "version": "7.13.4", "timestamp": "2026-03-05T23:34:24.618775", "branch_coverage": false, "show_contexts": false}, "files": {"app\\__init__.py": {"executed_lines": [4], "summary": {"covered_lines": 1, "num_statements": 1, "percent_covered": 100.0, "percent_covered_display": "100", "missing_lines": 0, "excluded_lines": 0, "percent_statements_covered": 100.0, "percent_statements_covered_display": "100"}, "missing_lines": [], "excluded_lines": [], "functions": {"": {"executed_lines": [4], "summary": {"covered_lines": 1, "num_statements": 1, "percent_covered": 100.0, "percent_covered_display": "100", "missing_lines": 0, "excluded_lines": 0, "percent_statements_covered": 100.0, "percent_statements_covered_display": "100"}, "missing_lines": [], "excluded_lines": [], "start_line": 1}}, "classes": {"": {"executed_lines": [4], "summary": {"covered_lines": 1, "num_statements": 1, "percent_covered": 100.0, "percent_covered_display": "100", "missing_lines": 0, "excluded_lines": 0, "percent_statements_covered": 100.0, "percent_statements_covered_display": "100"}, "missing_lines": [], "excluded_lines": [], "start_line": 1}}}, "app\\agent\\__init__.py": {"executed_lines": [4, 6], "summary": {"covered_lines": 2, "num_statements": 2, "percent_covered": 100.0, "percent_covered_display": "100", "missing_lines": 0, "excluded_lines": 0, "percent_statements_covered": 100.0, "percent_statements_covered_display": "100"}, "missing_lines": [], "excluded_lines": [], "functions": {"": {"executed_lines": [4, 6], "summary": {"covered_lines": 2, "num_statements": 2, "percent_covered": 100.0, "percent_covered_display": "100", "missing_lines": 0, "excluded_lines": 0, "percent_statements_covered": 100.0, "percent_statements_covered_display": "100"}, "missing_lines": [], "excluded_lines": [], "start_line": 1}}, "classes": {"": {"executed_lines": [4, 6], "summary": {"covered_lines": 2, "num_statements": 2, "percent_covered": 100.0, "percent_covered_display": "100", "missing_lines": 0, "excluded_lines": 0, "percent_statements_covered": 100.0, "percent_statements_covered_display": "100"}, "missing_lines": [], "excluded_lines": [], "start_line": 1}}}, "app\\agent\\core.py": {"executed_lines": [4, 5, 6, 7, 8, 9, 10, 11, 12, 13, 14, 15, 16, 19, 22, 23, 30, 33, 40, 42, 43, 46, 47, 48, 49, 50, 53, 54, 57, 154, 156, 158, 159, 160, 161, 163, 164, 168, 170, 171, 175, 177, 178, 179, 181, 182, 185, 186, 187, 192, 193, 194, 196, 197, 198, 201, 203, 205, 211, 212, 213, 219, 221, 222, 225, 226, 228, 229, 231, 240, 241, 242, 245, 246, 248, 249, 251, 252, 257, 260, 263, 271, 287, 290, 291, 293, 295, 302, 304, 305, 308, 309, 310, 312, 317, 318, 319, 325, 332, 333, 334, 335, 336, 338, 339, 342, 343, 344, 345, 352, 353, 354, 355, 361, 369, 372, 382, 384, 391, 398, 400, 402, 404], "summary": {"covered_lines": 123, "num_statements": 123, "percent_covered": 100.0, "percent_covered_display": "100", "missing_lines": 0, "excluded_lines": 0, "percent_statements_covered": 100.0, "percent_statements_covered_display": "100"}, "missing_lines": [], "excluded_lines": [], "functions": {"ResponseGuard.validate": {"executed_lines": [30], "summary": {"covered_lines": 1, "num_statements": 1, "percent_covered": 100.0, "percent_covered_display": "100", "missing_lines": 0, "excluded_lines": 0, "percent_statements_covered": 100.0, "percent_statements_covered_display": "100"}, "missing_lines": [], "excluded_lines": [], "start_line": 23}, "AgentCore.__init__": {"executed_lines": [42, 43, 46, 47, 48, 49, 50, 53, 54, 57], "summary": {"covered_lines": 10, "num_statements": 10, "percent_covered": 100.0, "percent_covered_display": "100", "missing_lines": 0, "excluded_lines": 0, "percent_statements_covered": 100.0, "percent_statements_covered_display": "100"}, "missing_lines": [], "excluded_lines": [], "start_line": 40}, "AgentCore._execute_tool": {"executed_lines": [156, 158, 159, 160, 161, 163, 164, 168, 170, 171, 175, 177, 178, 179, 181, 182, 185, 186, 187, 192, 193, 194, 196, 197, 198, 201, 203, 205, 211, 212, 213], "summary": {"covered_lines": 31, "num_statements": 31, "percent_covered": 100.0, "percent_covered_display": "100", "missing_lines": 0, "excluded_lines": 0, "percent_statements_covered": 100.0, "percent_statements_covered_display": "100"}, "missing_lines": [], "excluded_lines": [], "start_line": 154}, "AgentCore._select_model": {"executed_lines": [221, 222, 225, 226, 228, 229], "summary": {"covered_lines": 6, "num_statements": 6, "percent_covered": 100.0, "percent_covered_display": "100", "missing_lines": 0, "excluded_lines": 0, "percent_statements_covered": 100.0, "percent_statements_covered_display": "100"}, "missing_lines": [], "excluded_lines": [], "start_line": 219}, "AgentCore.run": {"executed_lines": [240, 241, 242, 245, 246, 248, 249, 251, 252, 257, 260, 263, 271, 287, 290, 291, 293, 295, 302, 304, 305, 308, 309, 310, 312, 317, 318, 319, 325, 332, 333, 334, 335, 336, 338, 339, 342, 343, 344, 345, 352, 353, 354, 355, 361, 369, 372, 382, 384, 391], "summary": {"covered_lines": 50, "num_statements": 50, "percent_covered": 100.0, "percent_covered_display": "100", "missing_lines": 0, "excluded_lines": 0, "percent_statements_covered": 100.0, "percent_statements_covered_display": "100"}, "missing_lines": [], "excluded_lines": [], "start_line": 231}, "AgentCore.get_available_models": {"executed_lines": [400], "summary": {"covered_lines": 1, "num_statements": 1, "percent_covered": 100.0, "percent_covered_display": "100", "missing_lines": 0, "excluded_lines": 0, "percent_statements_covered": 100.0, "percent_statements_covered_display": "100"}, "missing_lines": [], "excluded_lines": [], "start_line": 398}, "AgentCore.get_usage_report": {"executed_lines": [404], "summary": {"covered_lines": 1, "num_statements": 1, "percent_covered": 100.0, "percent_covered_display": "100", "missing_lines": 0, "excluded_lines": 0, "percent_statements_covered": 100.0, "percent_statements_covered_display": "100"}, "missing_lines": [], "excluded_lines": [], "start_line": 402}, "": {"executed_lines": [4, 5, 6, 7, 8, 9, 10, 11, 12, 13, 14, 15, 16, 19, 22, 23, 33, 40, 154, 219, 231, 398, 402], "summary": {"covered_lines": 23, "num_statements": 23, "percent_covered": 100.0, "percent_covered_display": "100", "missing_lines": 0, "excluded_lines": 0, "percent_statements_covered": 100.0, "percent_statements_covered_display": "100"}, "missing_lines": [], "excluded_lines": [], "start_line": 1}}, "classes": {"ResponseGuard": {"executed_lines": [30], "summary": {"covered_lines": 1, "num_statements": 1, "percent_covered": 100.0, "percent_covered_display": "100", "missing_lines": 0, "excluded_lines": 0, "percent_statements_covered": 100.0, "percent_statements_covered_display": "100"}, "missing_lines": [], "excluded_lines": [], "start_line": 19}, "AgentCore": {"executed_lines": [42, 43, 46, 47, 48, 49, 50, 53, 54, 57, 156, 158, 159, 160, 161, 163, 164, 168, 170, 171, 175, 177, 178, 179, 181, 182, 185, 186, 187, 192, 193, 194, 196, 197, 198, 201, 203, 205, 211, 212, 213, 221, 222, 225, 226, 228, 229, 240, 241, 242, 245, 246, 248, 249, 251, 252, 257, 260, 263, 271, 287, 290, 291, 293, 295, 302, 304, 305, 308, 309, 310, 312, 317, 318, 319, 325, 332, 333, 334, 335, 336, 338, 339, 342, 343, 344, 345, 352, 353, 354, 355, 361, 369, 372, 382, 384, 391, 400, 404], "summary": {"covered_lines": 99, "num_statements": 99, "percent_covered": 100.0, "percent_covered_display": "100", "missing_lines": 0, "excluded_lines": 0, "percent_statements_covered": 100.0, "percent_statements_covered_display": "100"}, "missing_lines": [], "excluded_lines": [], "start_line": 33}, "": {"executed_lines": [4, 5, 6, 7, 8, 9, 10, 11, 12, 13, 14, 15, 16, 19, 22, 23, 33, 40, 154, 219, 231, 398, 402], "summary": {"covered_lines": 23, "num_statements": 23, "percent_covered": 100.0, "percent_covered_display": "100", "missing_lines": 0, "excluded_lines": 0, "percent_statements_covered": 100.0, "percent_statements_covered_display": "100"}, "missing_lines": [], "excluded_lines": [], "start_line": 1}}}, "app\\api\\__init__.py": {"executed_lines": [4, 6], "summary": {"covered_lines": 2, "num_statements": 2, "percent_covered": 100.0, "percent_covered_display": "100", "missing_lines": 0, "excluded_lines": 0, "percent_statements_covered": 100.0, "percent_statements_covered_display": "100"}, "missing_lines": [], "excluded_lines": [], "functions": {"": {"executed_lines": [4, 6], "summary": {"covered_lines": 2, "num_statements": 2, "percent_covered": 100.0, "percent_covered_display": "100", "missing_lines": 0, "excluded_lines": 0, "percent_statements_covered": 100.0, "percent_statements_covered_display": "100"}, "missing_lines": [], "excluded_lines": [], "start_line": 1}}, "classes": {"": {"executed_lines": [4, 6], "summary": {"covered_lines": 2, "num_statements": 2, "percent_covered": 100.0, "percent_covered_display": "100", "missing_lines": 0, "excluded_lines": 0, "percent_statements_covered": 100.0, "percent_statements_covered_display": "100"}, "missing_lines": [], "excluded_lines": [], "start_line": 1}}}, "app\\api\\routes.py": {"executed_lines": [4, 5, 6, 7, 8, 9, 10, 11, 12, 13, 14, 16, 19, 20, 21, 24, 25, 36, 38, 40, 41, 43, 44, 58, 61, 62, 66, 72, 73, 77, 80, 81, 82, 83, 84, 87, 88, 89, 94, 97, 100, 101, 103, 111, 112, 116, 117, 119, 121, 122, 124], "summary": {"covered_lines": 51, "num_statements": 55, "percent_covered": 92.72727272727273, "percent_covered_display": "93", "missing_lines": 4, "excluded_lines": 0, "percent_statements_covered": 92.72727272727273, "percent_statements_covered_display": "93"}, "missing_lines": [48, 49, 90, 91], "excluded_lines": [], "functions": {"chat": {"executed_lines": [36, 38, 58], "summary": {"covered_lines": 3, "num_statements": 3, "percent_covered": 100.0, "percent_covered_display": "100", "missing_lines": 0, "excluded_lines": 0, "percent_statements_covered": 100.0, "percent_statements_covered_display": "100"}, "missing_lines": [], "excluded_lines": [], "start_line": 25}, "chat.event_generator": {"executed_lines": [40, 41, 43, 44], "summary": {"covered_lines": 4, "num_statements": 6, "percent_covered": 66.66666666666667, "percent_covered_display": "67", "missing_lines": 2, "excluded_lines": 0, "percent_statements_covered": 66.66666666666667, "percent_statements_covered_display": "67"}, "missing_lines": [48, 49], "excluded_lines": [], "start_line": 38}, "list_models": {"executed_lines": [66], "summary": {"covered_lines": 1, "num_statements": 1, "percent_covered": 100.0, "percent_covered_display": "100", "missing_lines": 0, "excluded_lines": 0, "percent_statements_covered": 100.0, "percent_statements_covered_display": "100"}, "missing_lines": [], "excluded_lines": [], "start_line": 62}, "health": {"executed_lines": [77, 80, 81, 82, 83, 84, 87, 88, 89, 94, 97, 100, 101, 103], "summary": {"covered_lines": 14, "num_statements": 16, "percent_covered": 87.5, "percent_covered_display": "88", "missing_lines": 2, "excluded_lines": 0, "percent_statements_covered": 87.5, "percent_statements_covered_display": "88"}, "missing_lines": [90, 91], "excluded_lines": [], "start_line": 73}, "get_chart": {"executed_lines": [116, 117, 119, 121, 122, 124], "summary": {"covered_lines": 6, "num_statements": 6, "percent_covered": 100.0, "percent_covered_display": "100", "missing_lines": 0, "excluded_lines": 0, "percent_statements_covered": 100.0, "percent_statements_covered_display": "100"}, "missing_lines": [], "excluded_lines": [], "start_line": 112}, "": {"executed_lines": [4, 5, 6, 7, 8, 9, 10, 11, 12, 13, 14, 16, 19, 20, 21, 24, 25, 61, 62, 72, 73, 111, 112], "summary": {"covered_lines": 23, "num_statements": 23, "percent_covered": 100.0, "percent_covered_display": "100", "missing_lines": 0, "excluded_lines": 0, "percent_statements_covered": 100.0, "percent_statements_covered_display": "100"}, "missing_lines": [], "excluded_lines": [], "start_line": 1}}, "classes": {"": {"executed_lines": [4, 5, 6, 7, 8, 9, 10, 11, 12, 13, 14, 16, 19, 20, 21, 24, 25, 36, 38, 40, 41, 43, 44, 58, 61, 62, 66, 72, 73, 77, 80, 81, 82, 83, 84, 87, 88, 89, 94, 97, 100, 101, 103, 111, 112, 116, 117, 119, 121, 122, 124], "summary": {"covered_lines": 51, "num_statements": 55, "percent_covered": 92.72727272727273, "percent_covered_display": "93", "missing_lines": 4, "excluded_lines": 0, "percent_statements_covered": 92.72727272727273, "percent_statements_covered_display": "93"}, "missing_lines": [48, 49, 90, 91], "excluded_lines": [], "start_line": 1}}}, "app\\config.py": {"executed_lines": [4, 5, 8, 12, 13, 14, 15, 18, 19, 22, 23, 24, 27, 30, 31, 32, 35, 36, 39, 40, 41, 44, 45, 48, 49, 50, 53, 54, 56, 57, 58, 59, 61, 64], "summary": {"covered_lines": 34, "num_statements": 34, "percent_covered": 100.0, "percent_covered_display": "100", "missing_lines": 0, "excluded_lines": 0, "percent_statements_covered": 100.0, "percent_statements_covered_display": "100"}, "missing_lines": [], "excluded_lines": [], "functions": {"": {"executed_lines": [4, 5, 8, 12, 13, 14, 15, 18, 19, 22, 23, 24, 27, 30, 31, 32, 35, 36, 39, 40, 41, 44, 45, 48, 49, 50, 53, 54, 56, 57, 58, 59, 61, 64], "summary": {"covered_lines": 34, "num_statements": 34, "percent_covered": 100.0, "percent_covered_display": "100", "missing_lines": 0, "excluded_lines": 0, "percent_statements_covered": 100.0, "percent_statements_covered_display": "100"}, "missing_lines": [], "excluded_lines": [], "start_line": 1}}, "classes": {"Settings": {"executed_lines": [], "summary": {"covered_lines": 0, "num_statements": 0, "percent_covered": 100.0, "percent_covered_display": "100", "missing_lines": 0, "excluded_lines": 0, "percent_statements_covered": 100.0, "percent_statements_covered_display": "100"}, "missing_lines": [], "excluded_lines": [], "start_line": 8}, "Settings.Config": {"executed_lines": [], "summary": {"covered_lines": 0, "num_statements": 0, "percent_covered": 100.0, "percent_covered_display": "100", "missing_lines": 0, "excluded_lines": 0, "percent_statements_covered": 100.0, "percent_statements_covered_display": "100"}, "missing_lines": [], "excluded_lines": [], "start_line": 56}, "": {"executed_lines": [4, 5, 8, 12, 13, 14, 15, 18, 19, 22, 23, 24, 27, 30, 31, 32, 35, 36, 39, 40, 41, 44, 45, 48, 49, 50, 53, 54, 56, 57, 58, 59, 61, 64], "summary": {"covered_lines": 34, "num_statements": 34, "percent_covered": 100.0, "percent_covered_display": "100", "missing_lines": 0, "excluded_lines": 0, "percent_statements_covered": 100.0, "percent_statements_covered_display": "100"}, "missing_lines": [], "excluded_lines": [], "start_line": 1}}}, "app\\enricher\\__init__.py": {"executed_lines": [4, 6], "summary": {"covered_lines": 2, "num_statements": 2, "percent_covered": 100.0, "percent_covered_display": "100", "missing_lines": 0, "excluded_lines": 0, "percent_statements_covered": 100.0, "percent_statements_covered_display": "100"}, "missing_lines": [], "excluded_lines": [], "functions": {"": {"executed_lines": [4, 6], "summary": {"covered_lines": 2, "num_statements": 2, "percent_covered": 100.0, "percent_covered_display": "100", "missing_lines": 0, "excluded_lines": 0, "percent_statements_covered": 100.0, "percent_statements_covered_display": "100"}, "missing_lines": [], "excluded_lines": [], "start_line": 1}}, "classes": {"": {"executed_lines": [4, 6], "summary": {"covered_lines": 2, "num_statements": 2, "percent_covered": 100.0, "percent_covered_display": "100", "missing_lines": 0, "excluded_lines": 0, "percent_statements_covered": 100.0, "percent_statements_covered_display": "100"}, "missing_lines": [], "excluded_lines": [], "start_line": 1}}}, "app\\enricher\\enricher.py": {"executed_lines": [4, 7, 14, 19, 24, 29, 30, 35, 38, 39, 41, 42, 44, 45, 48, 49, 52, 53, 55, 56, 61, 62, 64, 66, 67, 69, 70, 72], "summary": {"covered_lines": 28, "num_statements": 28, "percent_covered": 100.0, "percent_covered_display": "100", "missing_lines": 0, "excluded_lines": 0, "percent_statements_covered": 100.0, "percent_statements_covered_display": "100"}, "missing_lines": [], "excluded_lines": [], "functions": {"QueryEnricher.enrich": {"executed_lines": [35, 38, 39, 41, 42, 44, 45, 48, 49, 52, 53], "summary": {"covered_lines": 11, "num_statements": 11, "percent_covered": 100.0, "percent_covered_display": "100", "missing_lines": 0, "excluded_lines": 0, "percent_statements_covered": 100.0, "percent_statements_covered_display": "100"}, "missing_lines": [], "excluded_lines": [], "start_line": 30}, "QueryEnricher.extract_symbols": {"executed_lines": [61, 62, 64, 66, 67, 69, 70, 72], "summary": {"covered_lines": 8, "num_statements": 8, "percent_covered": 100.0, "percent_covered_display": "100", "missing_lines": 0, "excluded_lines": 0, "percent_statements_covered": 100.0, "percent_statements_covered_display": "100"}, "missing_lines": [], "excluded_lines": [], "start_line": 56}, "": {"executed_lines": [4, 7, 14, 19, 24, 29, 30, 55, 56], "summary": {"covered_lines": 9, "num_statements": 9, "percent_covered": 100.0, "percent_covered_display": "100", "missing_lines": 0, "excluded_lines": 0, "percent_statements_covered": 100.0, "percent_statements_covered_display": "100"}, "missing_lines": [], "excluded_lines": [], "start_line": 1}}, "classes": {"QueryEnricher": {"executed_lines": [35, 38, 39, 41, 42, 44, 45, 48, 49, 52, 53, 61, 62, 64, 66, 67, 69, 70, 72], "summary": {"covered_lines": 19, "num_statements": 19, "percent_covered": 100.0, "percent_covered_display": "100", "missing_lines": 0, "excluded_lines": 0, "percent_statements_covered": 100.0, "percent_statements_covered_display": "100"}, "missing_lines": [], "excluded_lines": [], "start_line": 7}, "": {"executed_lines": [4, 7, 14, 19, 24, 29, 30, 55, 56], "summary": {"covered_lines": 9, "num_statements": 9, "percent_covered": 100.0, "percent_covered_display": "100", "missing_lines": 0, "excluded_lines": 0, "percent_statements_covered": 100.0, "percent_statements_covered_display": "100"}, "missing_lines": [], "excluded_lines": [], "start_line": 1}}}, "app\\main.py": {"executed_lines": [4, 5, 6, 7, 9, 16, 25, 28, 29, 38], "summary": {"covered_lines": 10, "num_statements": 13, "percent_covered": 76.92307692307692, "percent_covered_display": "77", "missing_lines": 3, "excluded_lines": 0, "percent_statements_covered": 76.92307692307692, "percent_statements_covered_display": "77"}, "missing_lines": [31, 39, 40], "excluded_lines": [], "functions": {"root": {"executed_lines": [], "summary": {"covered_lines": 0, "num_statements": 1, "percent_covered": 0.0, "percent_covered_display": "0", "missing_lines": 1, "excluded_lines": 0, "percent_statements_covered": 0.0, "percent_statements_covered_display": "0"}, "missing_lines": [31], "excluded_lines": [], "start_line": 29}, "": {"executed_lines": [4, 5, 6, 7, 9, 16, 25, 28, 29, 38], "summary": {"covered_lines": 10, "num_statements": 12, "percent_covered": 83.33333333333333, "percent_covered_display": "83", "missing_lines": 2, "excluded_lines": 0, "percent_statements_covered": 83.33333333333333, "percent_statements_covered_display": "83"}, "missing_lines": [39, 40], "excluded_lines": [], "start_line": 1}}, "classes": {"": {"executed_lines": [4, 5, 6, 7, 9, 16, 25, 28, 29, 38], "summary": {"covered_lines": 10, "num_statements": 13, "percent_covered": 76.92307692307692, "percent_covered_display": "77", "missing_lines": 3, "excluded_lines": 0, "percent_statements_covered": 76.92307692307692, "percent_statements_covered_display": "77"}, "missing_lines": [31, 39, 40], "excluded_lines": [], "start_line": 1}}}, "app\\market\\__init__.py": {"executed_lines": [4, 6], "summary": {"covered_lines": 2, "num_statements": 2, "percent_covered": 100.0, "percent_covered_display": "100", "missing_lines": 0, "excluded_lines": 0, "percent_statements_covered": 100.0, "percent_statements_covered_display": "100"}, "missing_lines": [], "excluded_lines": [], "functions": {"": {"executed_lines": [4, 6], "summary": {"covered_lines": 2, "num_statements": 2, "percent_covered": 100.0, "percent_covered_display": "100", "missing_lines": 0, "excluded_lines": 0, "percent_statements_covered": 100.0, "percent_statements_covered_display": "100"}, "missing_lines": [], "excluded_lines": [], "start_line": 1}}, "classes": {"": {"executed_lines": [4, 6], "summary": {"covered_lines": 2, "num_statements": 2, "percent_covered": 100.0, "percent_covered_display": "100", "missing_lines": 0, "excluded_lines": 0, "percent_statements_covered": 100.0, "percent_statements_covered_display": "100"}, "missing_lines": [], "excluded_lines": [], "start_line": 1}}}, "app\\market\\service.py": {"executed_lines": [4, 5, 6, 7, 8, 9, 10, 11, 14, 18, 29, 30, 38, 39, 42, 43, 44, 45, 46, 49, 52, 55, 56, 62, 64, 66, 67, 68, 69, 70, 71, 72, 74, 76, 77, 78, 79, 81, 83, 84, 85, 86, 87, 89, 95, 96, 99, 100, 101, 104, 105, 106, 107, 108, 110, 111, 121, 122, 127, 128, 129, 134, 141, 144, 146, 151, 152, 155, 156, 160, 161, 162, 163, 167, 168, 180, 188, 189, 202, 207, 208, 211, 212, 216, 218, 219, 220, 221, 224, 225, 231, 242, 243, 257, 262, 263, 266, 267, 271, 272, 273, 274, 276, 290, 291], "summary": {"covered_lines": 105, "num_statements": 122, "percent_covered": 86.06557377049181, "percent_covered_display": "86", "missing_lines": 17, "excluded_lines": 0, "percent_statements_covered": 86.06557377049181, "percent_statements_covered_display": "86"}, "missing_lines": [123, 124, 130, 131, 157, 190, 191, 194, 213, 226, 227, 229, 246, 268, 292, 293, 296], "excluded_lines": [], "functions": {"TickerMapper.normalize": {"executed_lines": [38, 39, 42, 43, 44, 45, 46, 49], "summary": {"covered_lines": 8, "num_statements": 8, "percent_covered": 100.0, "percent_covered_display": "100", "missing_lines": 0, "excluded_lines": 0, "percent_statements_covered": 100.0, "percent_statements_covered_display": "100"}, "missing_lines": [], "excluded_lines": [], "start_line": 30}, "MarketDataService.__init__": {"executed_lines": [56, 62], "summary": {"covered_lines": 2, "num_statements": 2, "percent_covered": 100.0, "percent_covered_display": "100", "missing_lines": 0, "excluded_lines": 0, "percent_statements_covered": 100.0, "percent_statements_covered_display": "100"}, "missing_lines": [], "excluded_lines": [], "start_line": 55}, "MarketDataService._get_cache": {"executed_lines": [66, 67, 68, 69, 70, 71, 72], "summary": {"covered_lines": 7, "num_statements": 7, "percent_covered": 100.0, "percent_covered_display": "100", "missing_lines": 0, "excluded_lines": 0, "percent_statements_covered": 100.0, "percent_statements_covered_display": "100"}, "missing_lines": [], "excluded_lines": [], "start_line": 64}, "MarketDataService._set_cache": {"executed_lines": [76, 77, 78, 79], "summary": {"covered_lines": 4, "num_statements": 4, "percent_covered": 100.0, "percent_covered_display": "100", "missing_lines": 0, "excluded_lines": 0, "percent_statements_covered": 100.0, "percent_statements_covered_display": "100"}, "missing_lines": [], "excluded_lines": [], "start_line": 74}, "MarketDataService._fetch_yfinance": {"executed_lines": [83, 84, 85, 86, 87], "summary": {"covered_lines": 5, "num_statements": 5, "percent_covered": 100.0, "percent_covered_display": "100", "missing_lines": 0, "excluded_lines": 0, "percent_statements_covered": 100.0, "percent_statements_covered_display": "100"}, "missing_lines": [], "excluded_lines": [], "start_line": 81}, "MarketDataService.get_price": {"executed_lines": [95, 96, 99, 100, 101, 104, 105, 106, 107, 108, 110, 111, 121, 122, 127, 128, 129, 134], "summary": {"covered_lines": 18, "num_statements": 22, "percent_covered": 81.81818181818181, "percent_covered_display": "82", "missing_lines": 4, "excluded_lines": 0, "percent_statements_covered": 81.81818181818181, "percent_statements_covered_display": "82"}, "missing_lines": [123, 124, 130, 131], "excluded_lines": [], "start_line": 89}, "MarketDataService._fetch_alpha_vantage": {"executed_lines": [144], "summary": {"covered_lines": 1, "num_statements": 1, "percent_covered": 100.0, "percent_covered_display": "100", "missing_lines": 0, "excluded_lines": 0, "percent_statements_covered": 100.0, "percent_statements_covered_display": "100"}, "missing_lines": [], "excluded_lines": [], "start_line": 141}, "MarketDataService.get_history": {"executed_lines": [151, 152, 155, 156, 160, 161, 162, 163, 167, 168, 180, 188, 189], "summary": {"covered_lines": 13, "num_statements": 17, "percent_covered": 76.47058823529412, "percent_covered_display": "76", "missing_lines": 4, "excluded_lines": 0, "percent_statements_covered": 76.47058823529412, "percent_statements_covered_display": "76"}, "missing_lines": [157, 190, 191, 194], "excluded_lines": [], "start_line": 146}, "MarketDataService.get_change": {"executed_lines": [207, 208, 211, 212, 216, 218, 219, 220, 221, 224, 225, 231, 242, 243], "summary": {"covered_lines": 14, "num_statements": 19, "percent_covered": 73.6842105263158, "percent_covered_display": "74", "missing_lines": 5, "excluded_lines": 0, "percent_statements_covered": 73.6842105263158, "percent_statements_covered_display": "74"}, "missing_lines": [213, 226, 227, 229, 246], "excluded_lines": [], "start_line": 202}, "MarketDataService.get_info": {"executed_lines": [262, 263, 266, 267, 271, 272, 273, 274, 276, 290, 291], "summary": {"covered_lines": 11, "num_statements": 15, "percent_covered": 73.33333333333333, "percent_covered_display": "73", "missing_lines": 4, "excluded_lines": 0, "percent_statements_covered": 73.33333333333333, "percent_statements_covered_display": "73"}, "missing_lines": [268, 292, 293, 296], "excluded_lines": [], "start_line": 257}, "": {"executed_lines": [4, 5, 6, 7, 8, 9, 10, 11, 14, 18, 29, 30, 52, 55, 64, 74, 81, 89, 141, 146, 202, 257], "summary": {"covered_lines": 22, "num_statements": 22, "percent_covered": 100.0, "percent_covered_display": "100", "missing_lines": 0, "excluded_lines": 0, "percent_statements_covered": 100.0, "percent_statements_covered_display": "100"}, "missing_lines": [], "excluded_lines": [], "start_line": 1}}, "classes": {"TickerMapper": {"executed_lines": [38, 39, 42, 43, 44, 45, 46, 49], "summary": {"covered_lines": 8, "num_statements": 8, "percent_covered": 100.0, "percent_covered_display": "100", "missing_lines": 0, "excluded_lines": 0, "percent_statements_covered": 100.0, "percent_statements_covered_display": "100"}, "missing_lines": [], "excluded_lines": [], "start_line": 14}, "MarketDataService": {"executed_lines": [56, 62, 66, 67, 68, 69, 70, 71, 72, 76, 77, 78, 79, 83, 84, 85, 86, 87, 95, 96, 99, 100, 101, 104, 105, 106, 107, 108, 110, 111, 121, 122, 127, 128, 129, 134, 144, 151, 152, 155, 156, 160, 161, 162, 163, 167, 168, 180, 188, 189, 207, 208, 211, 212, 216, 218, 219, 220, 221, 224, 225, 231, 242, 243, 262, 263, 266, 267, 271, 272, 273, 274, 276, 290, 291], "summary": {"covered_lines": 75, "num_statements": 92, "percent_covered": 81.52173913043478, "percent_covered_display": "82", "missing_lines": 17, "excluded_lines": 0, "percent_statements_covered": 81.52173913043478, "percent_statements_covered_display": "82"}, "missing_lines": [123, 124, 130, 131, 157, 190, 191, 194, 213, 226, 227, 229, 246, 268, 292, 293, 296], "excluded_lines": [], "start_line": 52}, "": {"executed_lines": [4, 5, 6, 7, 8, 9, 10, 11, 14, 18, 29, 30, 52, 55, 64, 74, 81, 89, 141, 146, 202, 257], "summary": {"covered_lines": 22, "num_statements": 22, "percent_covered": 100.0, "percent_covered_display": "100", "missing_lines": 0, "excluded_lines": 0, "percent_statements_covered": 100.0, "percent_statements_covered_display": "100"}, "missing_lines": [], "excluded_lines": [], "start_line": 1}}}, "app\\models\\__init__.py": {"executed_lines": [4, 23, 31, 38], "summary": {"covered_lines": 4, "num_statements": 4, "percent_covered": 100.0, "percent_covered_display": "100", "missing_lines": 0, "excluded_lines": 0, "percent_statements_covered": 100.0, "percent_statements_covered_display": "100"}, "missing_lines": [], "excluded_lines": [], "functions": {"": {"executed_lines": [4, 23, 31, 38], "summary": {"covered_lines": 4, "num_statements": 4, "percent_covered": 100.0, "percent_covered_display": "100", "missing_lines": 0, "excluded_lines": 0, "percent_statements_covered": 100.0, "percent_statements_covered_display": "100"}, "missing_lines": [], "excluded_lines": [], "start_line": 1}}, "classes": {"": {"executed_lines": [4, 23, 31, 38], "summary": {"covered_lines": 4, "num_statements": 4, "percent_covered": 100.0, "percent_covered_display": "100", "missing_lines": 0, "excluded_lines": 0, "percent_statements_covered": 100.0, "percent_statements_covered_display": "100"}, "missing_lines": [], "excluded_lines": [], "start_line": 1}}}, "app\\models\\model_adapter.py": {"executed_lines": [5, 6, 7, 8, 9, 12, 15, 16, 27, 30, 31, 32, 33, 34, 35, 37, 45, 52, 53, 55, 58, 61, 62, 66, 68, 70, 71, 72, 80, 82, 91, 94, 97, 106, 108, 109, 117, 118, 119, 120, 129, 132, 133, 135, 136, 138, 146, 149], "summary": {"covered_lines": 48, "num_statements": 49, "percent_covered": 97.95918367346938, "percent_covered_display": "98", "missing_lines": 1, "excluded_lines": 0, "percent_statements_covered": 97.95918367346938, "percent_statements_covered_display": "98"}, "missing_lines": [24], "excluded_lines": [], "functions": {"ModelAdapter.create_message_stream": {"executed_lines": [], "summary": {"covered_lines": 0, "num_statements": 1, "percent_covered": 0.0, "percent_covered_display": "0", "missing_lines": 1, "excluded_lines": 0, "percent_statements_covered": 0.0, "percent_statements_covered_display": "0"}, "missing_lines": [24], "excluded_lines": [], "start_line": 16}, "AnthropicAdapter.__init__": {"executed_lines": [31, 32, 33, 34, 35], "summary": {"covered_lines": 5, "num_statements": 5, "percent_covered": 100.0, "percent_covered_display": "100", "missing_lines": 0, "excluded_lines": 0, "percent_statements_covered": 100.0, "percent_statements_covered_display": "100"}, "missing_lines": [], "excluded_lines": [], "start_line": 30}, "AnthropicAdapter.create_message_stream": {"executed_lines": [45, 52, 53, 55], "summary": {"covered_lines": 4, "num_statements": 4, "percent_covered": 100.0, "percent_covered_display": "100", "missing_lines": 0, "excluded_lines": 0, "percent_statements_covered": 100.0, "percent_statements_covered_display": "100"}, "missing_lines": [], "excluded_lines": [], "start_line": 37}, "OpenAIAdapter.__init__": {"executed_lines": [62, 66], "summary": {"covered_lines": 2, "num_statements": 2, "percent_covered": 100.0, "percent_covered_display": "100", "missing_lines": 0, "excluded_lines": 0, "percent_statements_covered": 100.0, "percent_statements_covered_display": "100"}, "missing_lines": [], "excluded_lines": [], "start_line": 61}, "OpenAIAdapter._convert_tools_to_openai_format": {"executed_lines": [70, 71, 72, 80], "summary": {"covered_lines": 4, "num_statements": 4, "percent_covered": 100.0, "percent_covered_display": "100", "missing_lines": 0, "excluded_lines": 0, "percent_statements_covered": 100.0, "percent_statements_covered_display": "100"}, "missing_lines": [], "excluded_lines": [], "start_line": 68}, "OpenAIAdapter.create_message_stream": {"executed_lines": [91, 94, 97, 106, 108, 109, 117, 118, 119, 120], "summary": {"covered_lines": 10, "num_statements": 10, "percent_covered": 100.0, "percent_covered_display": "100", "missing_lines": 0, "excluded_lines": 0, "percent_statements_covered": 100.0, "percent_statements_covered_display": "100"}, "missing_lines": [], "excluded_lines": [], "start_line": 82}, "ModelAdapterFactory.create_adapter": {"executed_lines": [135, 136, 138, 146, 149], "summary": {"covered_lines": 5, "num_statements": 5, "percent_covered": 100.0, "percent_covered_display": "100", "missing_lines": 0, "excluded_lines": 0, "percent_statements_covered": 100.0, "percent_statements_covered_display": "100"}, "missing_lines": [], "excluded_lines": [], "start_line": 133}, "": {"executed_lines": [5, 6, 7, 8, 9, 12, 15, 16, 27, 30, 37, 58, 61, 68, 82, 129, 132, 133], "summary": {"covered_lines": 18, "num_statements": 18, "percent_covered": 100.0, "percent_covered_display": "100", "missing_lines": 0, "excluded_lines": 0, "percent_statements_covered": 100.0, "percent_statements_covered_display": "100"}, "missing_lines": [], "excluded_lines": [], "start_line": 1}}, "classes": {"ModelAdapter": {"executed_lines": [], "summary": {"covered_lines": 0, "num_statements": 1, "percent_covered": 0.0, "percent_covered_display": "0", "missing_lines": 1, "excluded_lines": 0, "percent_statements_covered": 0.0, "percent_statements_covered_display": "0"}, "missing_lines": [24], "excluded_lines": [], "start_line": 12}, "AnthropicAdapter": {"executed_lines": [31, 32, 33, 34, 35, 45, 52, 53, 55], "summary": {"covered_lines": 9, "num_statements": 9, "percent_covered": 100.0, "percent_covered_display": "100", "missing_lines": 0, "excluded_lines": 0, "percent_statements_covered": 100.0, "percent_statements_covered_display": "100"}, "missing_lines": [], "excluded_lines": [], "start_line": 27}, "OpenAIAdapter": {"executed_lines": [62, 66, 70, 71, 72, 80, 91, 94, 97, 106, 108, 109, 117, 118, 119, 120], "summary": {"covered_lines": 16, "num_statements": 16, "percent_covered": 100.0, "percent_covered_display": "100", "missing_lines": 0, "excluded_lines": 0, "percent_statements_covered": 100.0, "percent_statements_covered_display": "100"}, "missing_lines": [], "excluded_lines": [], "start_line": 58}, "ModelAdapterFactory": {"executed_lines": [135, 136, 138, 146, 149], "summary": {"covered_lines": 5, "num_statements": 5, "percent_covered": 100.0, "percent_covered_display": "100", "missing_lines": 0, "excluded_lines": 0, "percent_statements_covered": 100.0, "percent_statements_covered_display": "100"}, "missing_lines": [], "excluded_lines": [], "start_line": 129}, "": {"executed_lines": [5, 6, 7, 8, 9, 12, 15, 16, 27, 30, 37, 58, 61, 68, 82, 129, 132, 133], "summary": {"covered_lines": 18, "num_statements": 18, "percent_covered": 100.0, "percent_covered_display": "100", "missing_lines": 0, "excluded_lines": 0, "percent_statements_covered": 100.0, "percent_statements_covered_display": "100"}, "missing_lines": [], "excluded_lines": [], "start_line": 1}}}, "app\\models\\multi_model.py": {"executed_lines": [5, 6, 7, 8, 9, 10, 13, 15, 16, 17, 18, 19, 20, 21, 24, 26, 27, 28, 31, 33, 46, 47, 48, 49, 50, 51, 52, 53, 54, 55, 58, 69, 70, 71, 76, 79, 80, 82, 86, 87, 103, 104, 105, 122, 123, 139, 141, 142, 149, 151, 155, 156, 157, 158, 161, 162, 163, 164, 167, 168, 169, 171, 172, 174, 182, 185, 191, 199, 200, 203, 204, 207, 209, 225, 226, 227, 228, 231, 232, 233, 234, 237, 238, 243, 247, 269, 277, 280, 281, 283, 284, 285, 288, 292, 294, 295, 297, 299, 305, 307, 322], "summary": {"covered_lines": 101, "num_statements": 116, "percent_covered": 87.06896551724138, "percent_covered_display": "87", "missing_lines": 15, "excluded_lines": 0, "percent_statements_covered": 87.06896551724138, "percent_statements_covered_display": "87"}, "missing_lines": [124, 170, 245, 249, 250, 252, 254, 255, 256, 257, 258, 260, 261, 267, 278], "excluded_lines": [], "functions": {"ModelConfig.__init__": {"executed_lines": [46, 47, 48, 49, 50, 51, 52, 53, 54, 55], "summary": {"covered_lines": 10, "num_statements": 10, "percent_covered": 100.0, "percent_covered_display": "100", "missing_lines": 0, "excluded_lines": 0, "percent_statements_covered": 100.0, "percent_statements_covered_display": "100"}, "missing_lines": [], "excluded_lines": [], "start_line": 33}, "MultiModelManager.__init__": {"executed_lines": [70, 71, 76, 79, 80], "summary": {"covered_lines": 5, "num_statements": 5, "percent_covered": 100.0, "percent_covered_display": "100", "missing_lines": 0, "excluded_lines": 0, "percent_statements_covered": 100.0, "percent_statements_covered_display": "100"}, "missing_lines": [], "excluded_lines": [], "start_line": 69}, "MultiModelManager._load_models": {"executed_lines": [86, 87, 103, 104, 105, 122, 123], "summary": {"covered_lines": 7, "num_statements": 8, "percent_covered": 87.5, "percent_covered_display": "88", "missing_lines": 1, "excluded_lines": 0, "percent_statements_covered": 87.5, "percent_statements_covered_display": "88"}, "missing_lines": [124], "excluded_lines": [], "start_line": 82}, "MultiModelManager.add_model": {"executed_lines": [141, 142, 149], "summary": {"covered_lines": 3, "num_statements": 3, "percent_covered": 100.0, "percent_covered_display": "100", "missing_lines": 0, "excluded_lines": 0, "percent_statements_covered": 100.0, "percent_statements_covered_display": "100"}, "missing_lines": [], "excluded_lines": [], "start_line": 139}, "MultiModelManager._setup_routing": {"executed_lines": [155, 156, 157, 158, 161, 162, 163, 164, 167, 168, 169, 171, 172], "summary": {"covered_lines": 13, "num_statements": 14, "percent_covered": 92.85714285714286, "percent_covered_display": "93", "missing_lines": 1, "excluded_lines": 0, "percent_statements_covered": 92.85714285714286, "percent_statements_covered_display": "93"}, "missing_lines": [170], "excluded_lines": [], "start_line": 151}, "MultiModelManager.classify_query": {"executed_lines": [182, 185, 191, 199, 200, 203, 204, 207], "summary": {"covered_lines": 8, "num_statements": 8, "percent_covered": 100.0, "percent_covered_display": "100", "missing_lines": 0, "excluded_lines": 0, "percent_statements_covered": 100.0, "percent_statements_covered_display": "100"}, "missing_lines": [], "excluded_lines": [], "start_line": 174}, "MultiModelManager.select_model": {"executed_lines": [225, 226, 227, 228, 231, 232, 233, 234, 237, 238, 243], "summary": {"covered_lines": 11, "num_statements": 12, "percent_covered": 91.66666666666667, "percent_covered_display": "92", "missing_lines": 1, "excluded_lines": 0, "percent_statements_covered": 91.66666666666667, "percent_statements_covered_display": "92"}, "missing_lines": [245], "excluded_lines": [], "start_line": 209}, "MultiModelManager.get_client": {"executed_lines": [], "summary": {"covered_lines": 0, "num_statements": 11, "percent_covered": 0.0, "percent_covered_display": "0", "missing_lines": 11, "excluded_lines": 0, "percent_statements_covered": 0.0, "percent_statements_covered_display": "0"}, "missing_lines": [249, 250, 252, 254, 255, 256, 257, 258, 260, 261, 267], "excluded_lines": [], "start_line": 247}, "MultiModelManager.record_usage": {"executed_lines": [277, 280, 281, 283, 284, 285, 288, 292, 294, 295], "summary": {"covered_lines": 10, "num_statements": 11, "percent_covered": 90.9090909090909, "percent_covered_display": "91", "missing_lines": 1, "excluded_lines": 0, "percent_statements_covered": 90.9090909090909, "percent_statements_covered_display": "91"}, "missing_lines": [278], "excluded_lines": [], "start_line": 269}, "MultiModelManager.get_usage_report": {"executed_lines": [299], "summary": {"covered_lines": 1, "num_statements": 1, "percent_covered": 100.0, "percent_covered_display": "100", "missing_lines": 0, "excluded_lines": 0, "percent_statements_covered": 100.0, "percent_statements_covered_display": "100"}, "missing_lines": [], "excluded_lines": [], "start_line": 297}, "MultiModelManager.list_models": {"executed_lines": [307], "summary": {"covered_lines": 1, "num_statements": 1, "percent_covered": 100.0, "percent_covered_display": "100", "missing_lines": 0, "excluded_lines": 0, "percent_statements_covered": 100.0, "percent_statements_covered_display": "100"}, "missing_lines": [], "excluded_lines": [], "start_line": 305}, "": {"executed_lines": [5, 6, 7, 8, 9, 10, 13, 15, 16, 17, 18, 19, 20, 21, 24, 26, 27, 28, 31, 33, 58, 69, 82, 139, 151, 174, 209, 247, 269, 297, 305, 322], "summary": {"covered_lines": 32, "num_statements": 32, "percent_covered": 100.0, "percent_covered_display": "100", "missing_lines": 0, "excluded_lines": 0, "percent_statements_covered": 100.0, "percent_statements_covered_display": "100"}, "missing_lines": [], "excluded_lines": [], "start_line": 1}}, "classes": {"ModelProvider": {"executed_lines": [], "summary": {"covered_lines": 0, "num_statements": 0, "percent_covered": 100.0, "percent_covered_display": "100", "missing_lines": 0, "excluded_lines": 0, "percent_statements_covered": 100.0, "percent_statements_covered_display": "100"}, "missing_lines": [], "excluded_lines": [], "start_line": 13}, "QueryComplexity": {"executed_lines": [], "summary": {"covered_lines": 0, "num_statements": 0, "percent_covered": 100.0, "percent_covered_display": "100", "missing_lines": 0, "excluded_lines": 0, "percent_statements_covered": 100.0, "percent_statements_covered_display": "100"}, "missing_lines": [], "excluded_lines": [], "start_line": 24}, "ModelConfig": {"executed_lines": [46, 47, 48, 49, 50, 51, 52, 53, 54, 55], "summary": {"covered_lines": 10, "num_statements": 10, "percent_covered": 100.0, "percent_covered_display": "100", "missing_lines": 0, "excluded_lines": 0, "percent_statements_covered": 100.0, "percent_statements_covered_display": "100"}, "missing_lines": [], "excluded_lines": [], "start_line": 31}, "MultiModelManager": {"executed_lines": [70, 71, 76, 79, 80, 86, 87, 103, 104, 105, 122, 123, 141, 142, 149, 155, 156, 157, 158, 161, 162, 163, 164, 167, 168, 169, 171, 172, 182, 185, 191, 199, 200, 203, 204, 207, 225, 226, 227, 228, 231, 232, 233, 234, 237, 238, 243, 277, 280, 281, 283, 284, 285, 288, 292, 294, 295, 299, 307], "summary": {"covered_lines": 59, "num_statements": 74, "percent_covered": 79.72972972972973, "percent_covered_display": "80", "missing_lines": 15, "excluded_lines": 0, "percent_statements_covered": 79.72972972972973, "percent_statements_covered_display": "80"}, "missing_lines": [124, 170, 245, 249, 250, 252, 254, 255, 256, 257, 258, 260, 261, 267, 278], "excluded_lines": [], "start_line": 58}, "": {"executed_lines": [5, 6, 7, 8, 9, 10, 13, 15, 16, 17, 18, 19, 20, 21, 24, 26, 27, 28, 31, 33, 58, 69, 82, 139, 151, 174, 209, 247, 269, 297, 305, 322], "summary": {"covered_lines": 32, "num_statements": 32, "percent_covered": 100.0, "percent_covered_display": "100", "missing_lines": 0, "excluded_lines": 0, "percent_statements_covered": 100.0, "percent_statements_covered_display": "100"}, "missing_lines": [], "excluded_lines": [], "start_line": 1}}}, "app\\models\\schemas.py": {"executed_lines": [4, 5, 6, 13, 15, 16, 17, 18, 19, 20, 23, 25, 26, 27, 28, 29, 30, 31, 34, 36, 37, 38, 39, 40, 43, 45, 46, 47, 48, 49, 50, 51, 52, 55, 57, 58, 59, 60, 61, 62, 63, 64, 65, 66, 67, 69, 70, 77, 79, 80, 81, 84, 86, 87, 94, 96, 97, 98, 99, 102, 104, 105, 112, 114, 115, 118, 120, 121, 124, 126, 127, 128, 129, 130, 131, 132, 133, 134, 135, 136, 137, 138, 139, 140, 141, 144, 146, 147, 148, 149, 152, 154, 155, 156, 163, 165, 166, 169, 171, 172, 173, 174, 175, 176, 177], "summary": {"covered_lines": 105, "num_statements": 105, "percent_covered": 100.0, "percent_covered_display": "100", "missing_lines": 0, "excluded_lines": 0, "percent_statements_covered": 100.0, "percent_statements_covered_display": "100"}, "missing_lines": [], "excluded_lines": [], "functions": {"": {"executed_lines": [4, 5, 6, 13, 15, 16, 17, 18, 19, 20, 23, 25, 26, 27, 28, 29, 30, 31, 34, 36, 37, 38, 39, 40, 43, 45, 46, 47, 48, 49, 50, 51, 52, 55, 57, 58, 59, 60, 61, 62, 63, 64, 65, 66, 67, 69, 70, 77, 79, 80, 81, 84, 86, 87, 94, 96, 97, 98, 99, 102, 104, 105, 112, 114, 115, 118, 120, 121, 124, 126, 127, 128, 129, 130, 131, 132, 133, 134, 135, 136, 137, 138, 139, 140, 141, 144, 146, 147, 148, 149, 152, 154, 155, 156, 163, 165, 166, 169, 171, 172, 173, 174, 175, 176, 177], "summary": {"covered_lines": 105, "num_statements": 105, "percent_covered": 100.0, "percent_covered_display": "100", "missing_lines": 0, "excluded_lines": 0, "percent_statements_covered": 100.0, "percent_statements_covered_display": "100"}, "missing_lines": [], "excluded_lines": [], "start_line": 1}}, "classes": {"PricePoint": {"executed_lines": [], "summary": {"covered_lines": 0, "num_statements": 0, "percent_covered": 100.0, "percent_covered_display": "100", "missing_lines": 0, "excluded_lines": 0, "percent_statements_covered": 100.0, "percent_statements_covered_display": "100"}, "missing_lines": [], "excluded_lines": [], "start_line": 13}, "MarketData": {"executed_lines": [], "summary": {"covered_lines": 0, "num_statements": 0, "percent_covered": 100.0, "percent_covered_display": "100", "missing_lines": 0, "excluded_lines": 0, "percent_statements_covered": 100.0, "percent_statements_covered_display": "100"}, "missing_lines": [], "excluded_lines": [], "start_line": 23}, "HistoryData": {"executed_lines": [], "summary": {"covered_lines": 0, "num_statements": 0, "percent_covered": 100.0, "percent_covered_display": "100", "missing_lines": 0, "excluded_lines": 0, "percent_statements_covered": 100.0, "percent_statements_covered_display": "100"}, "missing_lines": [], "excluded_lines": [], "start_line": 34}, "ChangeData": {"executed_lines": [], "summary": {"covered_lines": 0, "num_statements": 0, "percent_covered": 100.0, "percent_covered_display": "100", "missing_lines": 0, "excluded_lines": 0, "percent_statements_covered": 100.0, "percent_statements_covered_display": "100"}, "missing_lines": [], "excluded_lines": [], "start_line": 43}, "CompanyInfo": {"executed_lines": [], "summary": {"covered_lines": 0, "num_statements": 0, "percent_covered": 100.0, "percent_covered_display": "100", "missing_lines": 0, "excluded_lines": 0, "percent_statements_covered": 100.0, "percent_statements_covered_display": "100"}, "missing_lines": [], "excluded_lines": [], "start_line": 55}, "CompanyInfo.Config": {"executed_lines": [], "summary": {"covered_lines": 0, "num_statements": 0, "percent_covered": 100.0, "percent_covered_display": "100", "missing_lines": 0, "excluded_lines": 0, "percent_statements_covered": 100.0, "percent_statements_covered_display": "100"}, "missing_lines": [], "excluded_lines": [], "start_line": 69}, "Document": {"executed_lines": [], "summary": {"covered_lines": 0, "num_statements": 0, "percent_covered": 100.0, "percent_covered_display": "100", "missing_lines": 0, "excluded_lines": 0, "percent_statements_covered": 100.0, "percent_statements_covered_display": "100"}, "missing_lines": [], "excluded_lines": [], "start_line": 77}, "KnowledgeResult": {"executed_lines": [], "summary": {"covered_lines": 0, "num_statements": 0, "percent_covered": 100.0, "percent_covered_display": "100", "missing_lines": 0, "excluded_lines": 0, "percent_statements_covered": 100.0, "percent_statements_covered_display": "100"}, "missing_lines": [], "excluded_lines": [], "start_line": 84}, "SearchResult": {"executed_lines": [], "summary": {"covered_lines": 0, "num_statements": 0, "percent_covered": 100.0, "percent_covered_display": "100", "missing_lines": 0, "excluded_lines": 0, "percent_statements_covered": 100.0, "percent_statements_covered_display": "100"}, "missing_lines": [], "excluded_lines": [], "start_line": 94}, "WebSearchResult": {"executed_lines": [], "summary": {"covered_lines": 0, "num_statements": 0, "percent_covered": 100.0, "percent_covered_display": "100", "missing_lines": 0, "excluded_lines": 0, "percent_statements_covered": 100.0, "percent_statements_covered_display": "100"}, "missing_lines": [], "excluded_lines": [], "start_line": 102}, "ChatRequest": {"executed_lines": [], "summary": {"covered_lines": 0, "num_statements": 0, "percent_covered": 100.0, "percent_covered_display": "100", "missing_lines": 0, "excluded_lines": 0, "percent_statements_covered": 100.0, "percent_statements_covered_display": "100"}, "missing_lines": [], "excluded_lines": [], "start_line": 112}, "Source": {"executed_lines": [], "summary": {"covered_lines": 0, "num_statements": 0, "percent_covered": 100.0, "percent_covered_display": "100", "missing_lines": 0, "excluded_lines": 0, "percent_statements_covered": 100.0, "percent_statements_covered_display": "100"}, "missing_lines": [], "excluded_lines": [], "start_line": 118}, "SSEEvent": {"executed_lines": [], "summary": {"covered_lines": 0, "num_statements": 0, "percent_covered": 100.0, "percent_covered_display": "100", "missing_lines": 0, "excluded_lines": 0, "percent_statements_covered": 100.0, "percent_statements_covered_display": "100"}, "missing_lines": [], "excluded_lines": [], "start_line": 124}, "HealthResponse": {"executed_lines": [], "summary": {"covered_lines": 0, "num_statements": 0, "percent_covered": 100.0, "percent_covered_display": "100", "missing_lines": 0, "excluded_lines": 0, "percent_statements_covered": 100.0, "percent_statements_covered_display": "100"}, "missing_lines": [], "excluded_lines": [], "start_line": 144}, "ChartResponse": {"executed_lines": [], "summary": {"covered_lines": 0, "num_statements": 0, "percent_covered": 100.0, "percent_covered_display": "100", "missing_lines": 0, "excluded_lines": 0, "percent_statements_covered": 100.0, "percent_statements_covered_display": "100"}, "missing_lines": [], "excluded_lines": [], "start_line": 152}, "ToolCall": {"executed_lines": [], "summary": {"covered_lines": 0, "num_statements": 0, "percent_covered": 100.0, "percent_covered_display": "100", "missing_lines": 0, "excluded_lines": 0, "percent_statements_covered": 100.0, "percent_statements_covered_display": "100"}, "missing_lines": [], "excluded_lines": [], "start_line": 163}, "ToolResult": {"executed_lines": [], "summary": {"covered_lines": 0, "num_statements": 0, "percent_covered": 100.0, "percent_covered_display": "100", "missing_lines": 0, "excluded_lines": 0, "percent_statements_covered": 100.0, "percent_statements_covered_display": "100"}, "missing_lines": [], "excluded_lines": [], "start_line": 169}, "": {"executed_lines": [4, 5, 6, 13, 15, 16, 17, 18, 19, 20, 23, 25, 26, 27, 28, 29, 30, 31, 34, 36, 37, 38, 39, 40, 43, 45, 46, 47, 48, 49, 50, 51, 52, 55, 57, 58, 59, 60, 61, 62, 63, 64, 65, 66, 67, 69, 70, 77, 79, 80, 81, 84, 86, 87, 94, 96, 97, 98, 99, 102, 104, 105, 112, 114, 115, 118, 120, 121, 124, 126, 127, 128, 129, 130, 131, 132, 133, 134, 135, 136, 137, 138, 139, 140, 141, 144, 146, 147, 148, 149, 152, 154, 155, 156, 163, 165, 166, 169, 171, 172, 173, 174, 175, 176, 177], "summary": {"covered_lines": 105, "num_statements": 105, "percent_covered": 100.0, "percent_covered_display": "100", "missing_lines": 0, "excluded_lines": 0, "percent_statements_covered": 100.0, "percent_statements_covered_display": "100"}, "missing_lines": [], "excluded_lines": [], "start_line": 1}}}, "app\\rag\\__init__.py": {"executed_lines": [4, 6], "summary": {"covered_lines": 2, "num_statements": 2, "percent_covered": 100.0, "percent_covered_display": "100", "missing_lines": 0, "excluded_lines": 0, "percent_statements_covered": 100.0, "percent_statements_covered_display": "100"}, "missing_lines": [], "excluded_lines": [], "functions": {"": {"executed_lines": [4, 6], "summary": {"covered_lines": 2, "num_statements": 2, "percent_covered": 100.0, "percent_covered_display": "100", "missing_lines": 0, "excluded_lines": 0, "percent_statements_covered": 100.0, "percent_statements_covered_display": "100"}, "missing_lines": [], "excluded_lines": [], "start_line": 1}}, "classes": {"": {"executed_lines": [4, 6], "summary": {"covered_lines": 2, "num_statements": 2, "percent_covered": 100.0, "percent_covered_display": "100", "missing_lines": 0, "excluded_lines": 0, "percent_statements_covered": 100.0, "percent_statements_covered_display": "100"}, "missing_lines": [], "excluded_lines": [], "start_line": 1}}}, "app\\rag\\confidence.py": {"executed_lines": [5, 6, 7, 10, 20, 21, 27, 42, 43, 46, 49, 50, 51, 53, 56, 59, 65, 67, 79, 80, 83, 84, 86, 90, 93, 95, 97, 107, 108, 109, 110, 111, 112, 114, 116, 127], "summary": {"covered_lines": 36, "num_statements": 37, "percent_covered": 97.29729729729729, "percent_covered_display": "97", "missing_lines": 1, "excluded_lines": 0, "percent_statements_covered": 97.29729729729729, "percent_statements_covered_display": "97"}, "missing_lines": [87], "excluded_lines": [], "functions": {"ConfidenceScorer.__init__": {"executed_lines": [21], "summary": {"covered_lines": 1, "num_statements": 1, "percent_covered": 100.0, "percent_covered_display": "100", "missing_lines": 0, "excluded_lines": 0, "percent_statements_covered": 100.0, "percent_statements_covered_display": "100"}, "missing_lines": [], "excluded_lines": [], "start_line": 20}, "ConfidenceScorer.calculate": {"executed_lines": [42, 43, 46, 49, 50, 51, 53, 56, 59, 65], "summary": {"covered_lines": 10, "num_statements": 10, "percent_covered": 100.0, "percent_covered_display": "100", "missing_lines": 0, "excluded_lines": 0, "percent_statements_covered": 100.0, "percent_statements_covered_display": "100"}, "missing_lines": [], "excluded_lines": [], "start_line": 27}, "ConfidenceScorer._calculate_coverage": {"executed_lines": [79, 80, 83, 84, 86, 90, 93, 95], "summary": {"covered_lines": 8, "num_statements": 9, "percent_covered": 88.88888888888889, "percent_covered_display": "89", "missing_lines": 1, "excluded_lines": 0, "percent_statements_covered": 88.88888888888889, "percent_statements_covered_display": "89"}, "missing_lines": [87], "excluded_lines": [], "start_line": 67}, "ConfidenceScorer.get_confidence_level": {"executed_lines": [107, 108, 109, 110, 111, 112, 114], "summary": {"covered_lines": 7, "num_statements": 7, "percent_covered": 100.0, "percent_covered_display": "100", "missing_lines": 0, "excluded_lines": 0, "percent_statements_covered": 100.0, "percent_statements_covered_display": "100"}, "missing_lines": [], "excluded_lines": [], "start_line": 97}, "ConfidenceScorer.should_answer": {"executed_lines": [127], "summary": {"covered_lines": 1, "num_statements": 1, "percent_covered": 100.0, "percent_covered_display": "100", "missing_lines": 0, "excluded_lines": 0, "percent_statements_covered": 100.0, "percent_statements_covered_display": "100"}, "missing_lines": [], "excluded_lines": [], "start_line": 116}, "": {"executed_lines": [5, 6, 7, 10, 20, 27, 67, 97, 116], "summary": {"covered_lines": 9, "num_statements": 9, "percent_covered": 100.0, "percent_covered_display": "100", "missing_lines": 0, "excluded_lines": 0, "percent_statements_covered": 100.0, "percent_statements_covered_display": "100"}, "missing_lines": [], "excluded_lines": [], "start_line": 1}}, "classes": {"ConfidenceScorer": {"executed_lines": [21, 42, 43, 46, 49, 50, 51, 53, 56, 59, 65, 79, 80, 83, 84, 86, 90, 93, 95, 107, 108, 109, 110, 111, 112, 114, 127], "summary": {"covered_lines": 27, "num_statements": 28, "percent_covered": 96.42857142857143, "percent_covered_display": "96", "missing_lines": 1, "excluded_lines": 0, "percent_statements_covered": 96.42857142857143, "percent_statements_covered_display": "96"}, "missing_lines": [87], "excluded_lines": [], "start_line": 10}, "": {"executed_lines": [5, 6, 7, 10, 20, 27, 67, 97, 116], "summary": {"covered_lines": 9, "num_statements": 9, "percent_covered": 100.0, "percent_covered_display": "100", "missing_lines": 0, "excluded_lines": 0, "percent_statements_covered": 100.0, "percent_statements_covered_display": "100"}, "missing_lines": [], "excluded_lines": [], "start_line": 1}}}, "app\\rag\\hybrid_pipeline.py": {"executed_lines": [5, 6, 7, 8, 9, 10, 13, 24, 25, 26, 27, 28, 30, 39, 42, 43, 44, 46, 48, 59, 60, 63, 66, 69, 72, 73, 74, 75, 82, 84, 104, 107, 108, 109, 110, 112, 113, 121, 124, 125, 126, 127, 129, 130, 140, 143, 149, 151, 163, 165, 167], "summary": {"covered_lines": 51, "num_statements": 72, "percent_covered": 70.83333333333333, "percent_covered_display": "71", "missing_lines": 21, "excluded_lines": 0, "percent_statements_covered": 70.83333333333333, "percent_statements_covered_display": "71"}, "missing_lines": [138, 170, 181, 184, 188, 189, 190, 197, 198, 199, 201, 202, 205, 206, 207, 208, 215, 216, 219, 228, 234], "excluded_lines": [], "functions": {"HybridRAGPipeline.__init__": {"executed_lines": [25, 26, 27, 28], "summary": {"covered_lines": 4, "num_statements": 4, "percent_covered": 100.0, "percent_covered_display": "100", "missing_lines": 0, "excluded_lines": 0, "percent_statements_covered": 100.0, "percent_statements_covered_display": "100"}, "missing_lines": [], "excluded_lines": [], "start_line": 24}, "HybridRAGPipeline.build_bm25_index": {"executed_lines": [39, 42, 43, 44, 46], "summary": {"covered_lines": 5, "num_statements": 5, "percent_covered": 100.0, "percent_covered_display": "100", "missing_lines": 0, "excluded_lines": 0, "percent_statements_covered": 100.0, "percent_statements_covered_display": "100"}, "missing_lines": [], "excluded_lines": [], "start_line": 30}, "HybridRAGPipeline._bm25_search": {"executed_lines": [59, 60, 63, 66, 69, 72, 73, 74, 75, 82], "summary": {"covered_lines": 10, "num_statements": 10, "percent_covered": 100.0, "percent_covered_display": "100", "missing_lines": 0, "excluded_lines": 0, "percent_statements_covered": 100.0, "percent_statements_covered_display": "100"}, "missing_lines": [], "excluded_lines": [], "start_line": 48}, "HybridRAGPipeline._rrf_fusion": {"executed_lines": [104, 107, 108, 109, 110, 112, 113, 121, 124, 125, 126, 127, 129, 130, 140, 143, 149], "summary": {"covered_lines": 17, "num_statements": 18, "percent_covered": 94.44444444444444, "percent_covered_display": "94", "missing_lines": 1, "excluded_lines": 0, "percent_statements_covered": 94.44444444444444, "percent_statements_covered_display": "94"}, "missing_lines": [138], "excluded_lines": [], "start_line": 84}, "HybridRAGPipeline.search": {"executed_lines": [163, 165, 167], "summary": {"covered_lines": 3, "num_statements": 23, "percent_covered": 13.043478260869565, "percent_covered_display": "13", "missing_lines": 20, "excluded_lines": 0, "percent_statements_covered": 13.043478260869565, "percent_statements_covered_display": "13"}, "missing_lines": [170, 181, 184, 188, 189, 190, 197, 198, 199, 201, 202, 205, 206, 207, 208, 215, 216, 219, 228, 234], "excluded_lines": [], "start_line": 151}, "": {"executed_lines": [5, 6, 7, 8, 9, 10, 13, 24, 30, 48, 84, 151], "summary": {"covered_lines": 12, "num_statements": 12, "percent_covered": 100.0, "percent_covered_display": "100", "missing_lines": 0, "excluded_lines": 0, "percent_statements_covered": 100.0, "percent_statements_covered_display": "100"}, "missing_lines": [], "excluded_lines": [], "start_line": 1}}, "classes": {"HybridRAGPipeline": {"executed_lines": [25, 26, 27, 28, 39, 42, 43, 44, 46, 59, 60, 63, 66, 69, 72, 73, 74, 75, 82, 104, 107, 108, 109, 110, 112, 113, 121, 124, 125, 126, 127, 129, 130, 140, 143, 149, 163, 165, 167], "summary": {"covered_lines": 39, "num_statements": 60, "percent_covered": 65.0, "percent_covered_display": "65", "missing_lines": 21, "excluded_lines": 0, "percent_statements_covered": 65.0, "percent_statements_covered_display": "65"}, "missing_lines": [138, 170, 181, 184, 188, 189, 190, 197, 198, 199, 201, 202, 205, 206, 207, 208, 215, 216, 219, 228, 234], "excluded_lines": [], "start_line": 13}, "": {"executed_lines": [5, 6, 7, 8, 9, 10, 13, 24, 30, 48, 84, 151], "summary": {"covered_lines": 12, "num_statements": 12, "percent_covered": 100.0, "percent_covered_display": "100", "missing_lines": 0, "excluded_lines": 0, "percent_statements_covered": 100.0, "percent_statements_covered_display": "100"}, "missing_lines": [], "excluded_lines": [], "start_line": 1}}}, "app\\rag\\pipeline.py": {"executed_lines": [4, 5, 6, 7, 8, 9, 10, 11, 14, 17, 19, 20, 22, 30, 36, 39, 41, 43, 44, 46, 53, 55, 60, 61, 64, 65, 66, 73, 74, 77, 81, 82, 83, 84, 91, 92, 95, 104, 109, 111, 117, 124, 126], "summary": {"covered_lines": 43, "num_statements": 44, "percent_covered": 97.72727272727273, "percent_covered_display": "98", "missing_lines": 1, "excluded_lines": 0, "percent_statements_covered": 97.72727272727273, "percent_statements_covered_display": "98"}, "missing_lines": [78], "excluded_lines": [], "functions": {"RAGPipeline.__init__": {"executed_lines": [19, 20, 22, 30, 36, 39], "summary": {"covered_lines": 6, "num_statements": 6, "percent_covered": 100.0, "percent_covered_display": "100", "missing_lines": 0, "excluded_lines": 0, "percent_statements_covered": 100.0, "percent_statements_covered_display": "100"}, "missing_lines": [], "excluded_lines": [], "start_line": 17}, "RAGPipeline._embed_query": {"executed_lines": [43, 44], "summary": {"covered_lines": 2, "num_statements": 2, "percent_covered": 100.0, "percent_covered_display": "100", "missing_lines": 0, "excluded_lines": 0, "percent_statements_covered": 100.0, "percent_statements_covered_display": "100"}, "missing_lines": [], "excluded_lines": [], "start_line": 41}, "RAGPipeline.search": {"executed_lines": [53, 55, 60, 61, 64, 65, 66, 73, 74, 77, 81, 82, 83, 84, 91, 92, 95, 104], "summary": {"covered_lines": 18, "num_statements": 19, "percent_covered": 94.73684210526316, "percent_covered_display": "95", "missing_lines": 1, "excluded_lines": 0, "percent_statements_covered": 94.73684210526316, "percent_statements_covered_display": "95"}, "missing_lines": [78], "excluded_lines": [], "start_line": 46}, "RAGPipeline.add_documents": {"executed_lines": [111, 117], "summary": {"covered_lines": 2, "num_statements": 2, "percent_covered": 100.0, "percent_covered_display": "100", "missing_lines": 0, "excluded_lines": 0, "percent_statements_covered": 100.0, "percent_statements_covered_display": "100"}, "missing_lines": [], "excluded_lines": [], "start_line": 109}, "RAGPipeline.get_collection_count": {"executed_lines": [126], "summary": {"covered_lines": 1, "num_statements": 1, "percent_covered": 100.0, "percent_covered_display": "100", "missing_lines": 0, "excluded_lines": 0, "percent_statements_covered": 100.0, "percent_statements_covered_display": "100"}, "missing_lines": [], "excluded_lines": [], "start_line": 124}, "": {"executed_lines": [4, 5, 6, 7, 8, 9, 10, 11, 14, 17, 41, 46, 109, 124], "summary": {"covered_lines": 14, "num_statements": 14, "percent_covered": 100.0, "percent_covered_display": "100", "missing_lines": 0, "excluded_lines": 0, "percent_statements_covered": 100.0, "percent_statements_covered_display": "100"}, "missing_lines": [], "excluded_lines": [], "start_line": 1}}, "classes": {"RAGPipeline": {"executed_lines": [19, 20, 22, 30, 36, 39, 43, 44, 53, 55, 60, 61, 64, 65, 66, 73, 74, 77, 81, 82, 83, 84, 91, 92, 95, 104, 111, 117, 126], "summary": {"covered_lines": 29, "num_statements": 30, "percent_covered": 96.66666666666667, "percent_covered_display": "97", "missing_lines": 1, "excluded_lines": 0, "percent_statements_covered": 96.66666666666667, "percent_statements_covered_display": "97"}, "missing_lines": [78], "excluded_lines": [], "start_line": 14}, "": {"executed_lines": [4, 5, 6, 7, 8, 9, 10, 11, 14, 17, 41, 46, 109, 124], "summary": {"covered_lines": 14, "num_statements": 14, "percent_covered": 100.0, "percent_covered_display": "100", "missing_lines": 0, "excluded_lines": 0, "percent_statements_covered": 100.0, "percent_statements_covered_display": "100"}, "missing_lines": [], "excluded_lines": [], "start_line": 1}}}, "app\\search\\__init__.py": {"executed_lines": [4, 6], "summary": {"covered_lines": 2, "num_statements": 2, "percent_covered": 100.0, "percent_covered_display": "100", "missing_lines": 0, "excluded_lines": 0, "percent_statements_covered": 100.0, "percent_statements_covered_display": "100"}, "missing_lines": [], "excluded_lines": [], "functions": {"": {"executed_lines": [4, 6], "summary": {"covered_lines": 2, "num_statements": 2, "percent_covered": 100.0, "percent_covered_display": "100", "missing_lines": 0, "excluded_lines": 0, "percent_statements_covered": 100.0, "percent_statements_covered_display": "100"}, "missing_lines": [], "excluded_lines": [], "start_line": 1}}, "classes": {"": {"executed_lines": [4, 6], "summary": {"covered_lines": 2, "num_statements": 2, "percent_covered": 100.0, "percent_covered_display": "100", "missing_lines": 0, "excluded_lines": 0, "percent_statements_covered": 100.0, "percent_statements_covered_display": "100"}, "missing_lines": [], "excluded_lines": [], "start_line": 1}}}, "app\\search\\service.py": {"executed_lines": [4, 5, 6, 7, 10, 13, 14, 15, 17, 22, 24, 29, 30, 31, 43, 44, 45, 47, 48, 55, 59, 60, 63], "summary": {"covered_lines": 23, "num_statements": 23, "percent_covered": 100.0, "percent_covered_display": "100", "missing_lines": 0, "excluded_lines": 0, "percent_statements_covered": 100.0, "percent_statements_covered_display": "100"}, "missing_lines": [], "excluded_lines": [], "functions": {"WebSearchService.__init__": {"executed_lines": [14, 15], "summary": {"covered_lines": 2, "num_statements": 2, "percent_covered": 100.0, "percent_covered_display": "100", "missing_lines": 0, "excluded_lines": 0, "percent_statements_covered": 100.0, "percent_statements_covered_display": "100"}, "missing_lines": [], "excluded_lines": [], "start_line": 13}, "WebSearchService.search": {"executed_lines": [22, 24, 29, 30, 31, 43, 44, 45, 47, 48, 55, 59, 60, 63], "summary": {"covered_lines": 14, "num_statements": 14, "percent_covered": 100.0, "percent_covered_display": "100", "missing_lines": 0, "excluded_lines": 0, "percent_statements_covered": 100.0, "percent_statements_covered_display": "100"}, "missing_lines": [], "excluded_lines": [], "start_line": 17}, "": {"executed_lines": [4, 5, 6, 7, 10, 13, 17], "summary": {"covered_lines": 7, "num_statements": 7, "percent_covered": 100.0, "percent_covered_display": "100", "missing_lines": 0, "excluded_lines": 0, "percent_statements_covered": 100.0, "percent_statements_covered_display": "100"}, "missing_lines": [], "excluded_lines": [], "start_line": 1}}, "classes": {"WebSearchService": {"executed_lines": [14, 15, 22, 24, 29, 30, 31, 43, 44, 45, 47, 48, 55, 59, 60, 63], "summary": {"covered_lines": 16, "num_statements": 16, "percent_covered": 100.0, "percent_covered_display": "100", "missing_lines": 0, "excluded_lines": 0, "percent_statements_covered": 100.0, "percent_statements_covered_display": "100"}, "missing_lines": [], "excluded_lines": [], "start_line": 10}, "": {"executed_lines": [4, 5, 6, 7, 10, 13, 17], "summary": {"covered_lines": 7, "num_statements": 7, "percent_covered": 100.0, "percent_covered_display": "100", "missing_lines": 0, "excluded_lines": 0, "percent_statements_covered": 100.0, "percent_statements_covered_display": "100"}, "missing_lines": [], "excluded_lines": [], "start_line": 1}}}}, "totals": {"covered_lines": 775, "num_statements": 838, "percent_covered": 92.48210023866348, "percent_covered_display": "92", "missing_lines": 63, "excluded_lines": 0, "percent_statements_covered": 92.48210023866348, "percent_statements_covered_display": "92"}}