{"meta": {"format": 3, "version": "7.13.4", "timestamp": "2026-03-06T16:59:04.670004", "branch_coverage": false, "show_contexts": false}, "files": {"app\\__init__.py": {"executed_lines": [4], "summary": {"covered_lines": 1, "num_statements": 1, "percent_covered": 100.0, "percent_covered_display": "100", "missing_lines": 0, "excluded_lines": 0, "percent_statements_covered": 100.0, "percent_statements_covered_display": "100"}, "missing_lines": [], "excluded_lines": [], "functions": {"": {"executed_lines": [4], "summary": {"covered_lines": 1, "num_statements": 1, "percent_covered": 100.0, "percent_covered_display": "100", "missing_lines": 0, "excluded_lines": 0, "percent_statements_covered": 100.0, "percent_statements_covered_display": "100"}, "missing_lines": [], "excluded_lines": [], "start_line": 1}}, "classes": {"": {"executed_lines": [4], "summary": {"covered_lines": 1, "num_statements": 1, "percent_covered": 100.0, "percent_covered_display": "100", "missing_lines": 0, "excluded_lines": 0, "percent_statements_covered": 100.0, "percent_statements_covered_display": "100"}, "missing_lines": [], "excluded_lines": [], "start_line": 1}}}, "app\\agent\\__init__.py": {"executed_lines": [4, 6], "summary": {"covered_lines": 2, "num_statements": 2, "percent_covered": 100.0, "percent_covered_display": "100", "missing_lines": 0, "excluded_lines": 0, "percent_statements_covered": 100.0, "percent_statements_covered_display": "100"}, "missing_lines": [], "excluded_lines": [], "functions": {"": {"executed_lines": [4, 6], "summary": {"covered_lines": 2, "num_statements": 2, "percent_covered": 100.0, "percent_covered_display": "100", "missing_lines": 0, "excluded_lines": 0, "percent_statements_covered": 100.0, "percent_statements_covered_display": "100"}, "missing_lines": [], "excluded_lines": [], "start_line": 1}}, "classes": {"": {"executed_lines": [4, 6], "summary": {"covered_lines": 2, "num_statements": 2, "percent_covered": 100.0, "percent_covered_display": "100", "missing_lines": 0, "excluded_lines": 0, "percent_statements_covered": 100.0, "percent_statements_covered_display": "100"}, "missing_lines": [], "excluded_lines": [], "start_line": 1}}}, "app\\agent\\core.py": {"executed_lines": [3, 4, 5, 6, 7, 9, 10, 11, 12, 13, 14, 15, 16, 19, 22, 23, 24, 27, 29, 30, 31, 32, 33, 34, 35, 36, 38, 39, 41, 42, 43, 48, 49, 50, 51, 52, 53, 55, 56, 57, 58, 59, 60, 61, 65, 66, 67, 68, 70, 71, 72, 73, 74, 75, 76, 77, 78, 79, 80, 84, 85, 86, 87, 90, 92, 93, 94, 95, 96, 97, 98, 99, 101, 103, 104, 105, 106, 107, 109, 114, 122, 123, 124, 126, 127, 128, 129, 130, 131, 132, 134, 135, 206, 208, 210, 211, 212, 213, 214, 215, 216, 217, 218, 219, 220, 221, 222, 223, 224, 225, 226, 227, 228, 229, 230, 231, 232, 233, 235, 236, 247, 248, 249, 259, 260, 261, 273, 274, 275, 277, 278, 279, 280, 282, 283, 284, 285, 286, 288, 289, 291, 292, 293, 294, 296, 298, 300, 301, 302, 318, 320, 321, 322, 323, 329, 345, 346, 349, 350, 360, 361, 370, 382, 384, 385, 386, 387, 388, 389, 403, 412, 413, 414, 421, 423, 429, 430, 431, 432, 438, 439, 440, 447, 448, 449, 450, 451, 452, 454, 456, 457, 458, 459, 460, 461, 467, 468, 469, 472, 473, 475, 477, 478, 479, 481, 482, 484, 485, 486, 491, 493, 500, 501, 503, 504, 505, 506, 507, 508, 511, 512, 514, 515, 516, 517, 519, 520, 521, 522, 523, 524, 526, 527, 534, 543, 544, 550, 557, 558, 560, 561], "summary": {"covered_lines": 241, "num_statements": 291, "percent_covered": 82.81786941580756, "percent_covered_display": "83", "missing_lines": 50, "excluded_lines": 0, "percent_statements_covered": 82.81786941580756, "percent_statements_covered_display": "83"}, "missing_lines": [25, 62, 63, 64, 81, 82, 88, 89, 100, 108, 110, 111, 295, 297, 299, 303, 304, 305, 306, 307, 308, 309, 310, 311, 312, 313, 314, 315, 316, 347, 390, 391, 392, 393, 394, 395, 396, 397, 398, 399, 400, 401, 453, 462, 463, 464, 465, 466, 470, 509], "excluded_lines": [], "functions": {"ResponseGuard.validate": {"executed_lines": [24, 27, 29, 30, 31, 32, 33, 34, 35, 36, 38, 39, 41, 42, 43, 48, 49, 50, 51, 52, 53], "summary": {"covered_lines": 21, "num_statements": 22, "percent_covered": 95.45454545454545, "percent_covered_display": "95", "missing_lines": 1, "excluded_lines": 0, "percent_statements_covered": 95.45454545454545, "percent_statements_covered_display": "95"}, "missing_lines": [25], "excluded_lines": [], "start_line": 23}, "ResponseGuard._collect_numbers": {"executed_lines": [57, 58, 59, 60, 61, 65, 66, 67, 68], "summary": {"covered_lines": 9, "num_statements": 12, "percent_covered": 75.0, "percent_covered_display": "75", "missing_lines": 3, "excluded_lines": 0, "percent_statements_covered": 75.0, "percent_statements_covered_display": "75"}, "missing_lines": [62, 63, 64], "excluded_lines": [], "start_line": 56}, "ResponseGuard._extract_numeric_tokens": {"executed_lines": [72, 73, 74, 75, 76, 77, 78, 79, 80, 84, 85, 86, 87, 90], "summary": {"covered_lines": 14, "num_statements": 18, "percent_covered": 77.77777777777777, "percent_covered_display": "78", "missing_lines": 4, "excluded_lines": 0, "percent_statements_covered": 77.77777777777777, "percent_statements_covered_display": "78"}, "missing_lines": [81, 82, 88, 89], "excluded_lines": [], "start_line": 71}, "ResponseGuard._allowable_numbers": {"executed_lines": [94, 95, 96, 97, 98, 99, 101], "summary": {"covered_lines": 7, "num_statements": 8, "percent_covered": 87.5, "percent_covered_display": "88", "missing_lines": 1, "excluded_lines": 0, "percent_statements_covered": 87.5, "percent_statements_covered_display": "88"}, "missing_lines": [100], "excluded_lines": [], "start_line": 93}, "ResponseGuard._is_ignorable_number": {"executed_lines": [105, 106, 107, 109], "summary": {"covered_lines": 4, "num_statements": 7, "percent_covered": 57.142857142857146, "percent_covered_display": "57", "missing_lines": 3, "excluded_lines": 0, "percent_statements_covered": 57.142857142857146, "percent_statements_covered_display": "57"}, "missing_lines": [108, 110, 111], "excluded_lines": [], "start_line": 104}, "AgentCore.__init__": {"executed_lines": [123, 124, 126, 127, 128, 129, 130, 131, 132], "summary": {"covered_lines": 9, "num_statements": 9, "percent_covered": 100.0, "percent_covered_display": "100", "missing_lines": 0, "excluded_lines": 0, "percent_statements_covered": 100.0, "percent_statements_covered_display": "100"}, "missing_lines": [], "excluded_lines": [], "start_line": 122}, "AgentCore._build_tools": {"executed_lines": [135], "summary": {"covered_lines": 1, "num_statements": 1, "percent_covered": 100.0, "percent_covered_display": "100", "missing_lines": 0, "excluded_lines": 0, "percent_statements_covered": 100.0, "percent_statements_covered_display": "100"}, "missing_lines": [], "excluded_lines": [], "start_line": 134}, "AgentCore._execute_tool": {"executed_lines": [208, 210, 211, 212, 213, 214, 215, 216, 217, 218, 219, 220, 221, 222, 223, 224, 225, 226, 227, 228, 229, 230, 231, 232, 233, 235, 236, 247, 248, 249, 259, 260, 261], "summary": {"covered_lines": 33, "num_statements": 33, "percent_covered": 100.0, "percent_covered_display": "100", "missing_lines": 0, "excluded_lines": 0, "percent_statements_covered": 100.0, "percent_statements_covered_display": "100"}, "missing_lines": [], "excluded_lines": [], "start_line": 206}, "AgentCore._select_model": {"executed_lines": [274, 275, 277, 278, 279, 280], "summary": {"covered_lines": 6, "num_statements": 6, "percent_covered": 100.0, "percent_covered_display": "100", "missing_lines": 0, "excluded_lines": 0, "percent_statements_covered": 100.0, "percent_statements_covered_display": "100"}, "missing_lines": [], "excluded_lines": [], "start_line": 273}, "AgentCore._build_tool_plan": {"executed_lines": [283, 284, 285, 286, 288, 291, 292, 293, 294, 296, 298, 300, 301, 302, 318], "summary": {"covered_lines": 15, "num_statements": 32, "percent_covered": 46.875, "percent_covered_display": "47", "missing_lines": 17, "excluded_lines": 0, "percent_statements_covered": 46.875, "percent_statements_covered_display": "47"}, "missing_lines": [295, 297, 299, 303, 304, 305, 306, 307, 308, 309, 310, 311, 312, 313, 314, 315, 316], "excluded_lines": [], "start_line": 282}, "AgentCore._build_tool_plan.add_tool": {"executed_lines": [289], "summary": {"covered_lines": 1, "num_statements": 1, "percent_covered": 100.0, "percent_covered_display": "100", "missing_lines": 0, "excluded_lines": 0, "percent_statements_covered": 100.0, "percent_statements_covered_display": "100"}, "missing_lines": [], "excluded_lines": [], "start_line": 288}, "AgentCore._looks_like_generic_chat": {"executed_lines": [322, 323, 329, 345, 346], "summary": {"covered_lines": 5, "num_statements": 6, "percent_covered": 83.33333333333333, "percent_covered_display": "83", "missing_lines": 1, "excluded_lines": 0, "percent_statements_covered": 83.33333333333333, "percent_statements_covered_display": "83"}, "missing_lines": [347], "excluded_lines": [], "start_line": 321}, "AgentCore._normalize_tool_result": {"executed_lines": [350], "summary": {"covered_lines": 1, "num_statements": 1, "percent_covered": 100.0, "percent_covered_display": "100", "missing_lines": 0, "excluded_lines": 0, "percent_statements_covered": 100.0, "percent_statements_covered_display": "100"}, "missing_lines": [], "excluded_lines": [], "start_line": 349}, "AgentCore._build_grounded_messages": {"executed_lines": [361, 370, 382], "summary": {"covered_lines": 3, "num_statements": 3, "percent_covered": 100.0, "percent_covered_display": "100", "missing_lines": 0, "excluded_lines": 0, "percent_statements_covered": 100.0, "percent_statements_covered_display": "100"}, "missing_lines": [], "excluded_lines": [], "start_line": 360}, "AgentCore._fallback_response": {"executed_lines": [385, 386, 387, 388, 389, 403, 412, 413, 414, 421], "summary": {"covered_lines": 10, "num_statements": 22, "percent_covered": 45.45454545454545, "percent_covered_display": "45", "missing_lines": 12, "excluded_lines": 0, "percent_statements_covered": 45.45454545454545, "percent_statements_covered_display": "45"}, "missing_lines": [390, 391, 392, 393, 394, 395, 396, 397, 398, 399, 400, 401], "excluded_lines": [], "start_line": 384}, "AgentCore._stream_grounded_answer": {"executed_lines": [429, 430, 431, 432, 438, 439, 440, 447, 448, 449, 450, 451, 452, 454, 456, 457, 458, 459, 460, 461, 467, 468, 469, 472, 473], "summary": {"covered_lines": 25, "num_statements": 32, "percent_covered": 78.125, "percent_covered_display": "78", "missing_lines": 7, "excluded_lines": 0, "percent_statements_covered": 78.125, "percent_statements_covered_display": "78"}, "missing_lines": [453, 462, 463, 464, 465, 466, 470], "excluded_lines": [], "start_line": 423}, "AgentCore.run": {"executed_lines": [477, 478, 479, 481, 482, 484, 485, 486, 491, 493, 500, 501, 503, 504, 505, 506, 507, 508, 511, 512, 514, 515, 516, 517, 519, 520, 521, 522, 523, 524, 526, 527, 534, 543, 544, 550], "summary": {"covered_lines": 36, "num_statements": 37, "percent_covered": 97.29729729729729, "percent_covered_display": "97", "missing_lines": 1, "excluded_lines": 0, "percent_statements_covered": 97.29729729729729, "percent_statements_covered_display": "97"}, "missing_lines": [509], "excluded_lines": [], "start_line": 475}, "AgentCore.get_available_models": {"executed_lines": [558], "summary": {"covered_lines": 1, "num_statements": 1, "percent_covered": 100.0, "percent_covered_display": "100", "missing_lines": 0, "excluded_lines": 0, "percent_statements_covered": 100.0, "percent_statements_covered_display": "100"}, "missing_lines": [], "excluded_lines": [], "start_line": 557}, "AgentCore.get_usage_report": {"executed_lines": [561], "summary": {"covered_lines": 1, "num_statements": 1, "percent_covered": 100.0, "percent_covered_display": "100", "missing_lines": 0, "excluded_lines": 0, "percent_statements_covered": 100.0, "percent_statements_covered_display": "100"}, "missing_lines": [], "excluded_lines": [], "start_line": 560}, "": {"executed_lines": [3, 4, 5, 6, 7, 9, 10, 11, 12, 13, 14, 15, 16, 19, 22, 23, 55, 56, 70, 71, 92, 93, 103, 104, 114, 122, 134, 206, 273, 282, 320, 321, 349, 360, 384, 423, 475, 557, 560], "summary": {"covered_lines": 39, "num_statements": 39, "percent_covered": 100.0, "percent_covered_display": "100", "missing_lines": 0, "excluded_lines": 0, "percent_statements_covered": 100.0, "percent_statements_covered_display": "100"}, "missing_lines": [], "excluded_lines": [], "start_line": 1}}, "classes": {"ResponseGuard": {"executed_lines": [24, 27, 29, 30, 31, 32, 33, 34, 35, 36, 38, 39, 41, 42, 43, 48, 49, 50, 51, 52, 53, 57, 58, 59, 60, 61, 65, 66, 67, 68, 72, 73, 74, 75, 76, 77, 78, 79, 80, 84, 85, 86, 87, 90, 94, 95, 96, 97, 98, 99, 101, 105, 106, 107, 109], "summary": {"covered_lines": 55, "num_statements": 67, "percent_covered": 82.08955223880596, "percent_covered_display": "82", "missing_lines": 12, "excluded_lines": 0, "percent_statements_covered": 82.08955223880596, "percent_statements_covered_display": "82"}, "missing_lines": [25, 62, 63, 64, 81, 82, 88, 89, 100, 108, 110, 111], "excluded_lines": [], "start_line": 19}, "AgentCore": {"executed_lines": [123, 124, 126, 127, 128, 129, 130, 131, 132, 135, 208, 210, 211, 212, 213, 214, 215, 216, 217, 218, 219, 220, 221, 222, 223, 224, 225, 226, 227, 228, 229, 230, 231, 232, 233, 235, 236, 247, 248, 249, 259, 260, 261, 274, 275, 277, 278, 279, 280, 283, 284, 285, 286, 288, 289, 291, 292, 293, 294, 296, 298, 300, 301, 302, 318, 322, 323, 329, 345, 346, 350, 361, 370, 382, 385, 386, 387, 388, 389, 403, 412, 413, 414, 421, 429, 430, 431, 432, 438, 439, 440, 447, 448, 449, 450, 451, 452, 454, 456, 457, 458, 459, 460, 461, 467, 468, 469, 472, 473, 477, 478, 479, 481, 482, 484, 485, 486, 491, 493, 500, 501, 503, 504, 505, 506, 507, 508, 511, 512, 514, 515, 516, 517, 519, 520, 521, 522, 523, 524, 526, 527, 534, 543, 544, 550, 558, 561], "summary": {"covered_lines": 147, "num_statements": 185, "percent_covered": 79.45945945945945, "percent_covered_display": "79", "missing_lines": 38, "excluded_lines": 0, "percent_statements_covered": 79.45945945945945, "percent_statements_covered_display": "79"}, "missing_lines": [295, 297, 299, 303, 304, 305, 306, 307, 308, 309, 310, 311, 312, 313, 314, 315, 316, 347, 390, 391, 392, 393, 394, 395, 396, 397, 398, 399, 400, 401, 453, 462, 463, 464, 465, 466, 470, 509], "excluded_lines": [], "start_line": 114}, "": {"executed_lines": [3, 4, 5, 6, 7, 9, 10, 11, 12, 13, 14, 15, 16, 19, 22, 23, 55, 56, 70, 71, 92, 93, 103, 104, 114, 122, 134, 206, 273, 282, 320, 321, 349, 360, 384, 423, 475, 557, 560], "summary": {"covered_lines": 39, "num_statements": 39, "percent_covered": 100.0, "percent_covered_display": "100", "missing_lines": 0, "excluded_lines": 0, "percent_statements_covered": 100.0, "percent_statements_covered_display": "100"}, "missing_lines": [], "excluded_lines": [], "start_line": 1}}}, "app\\api\\__init__.py": {"executed_lines": [4, 6], "summary": {"covered_lines": 2, "num_statements": 2, "percent_covered": 100.0, "percent_covered_display": "100", "missing_lines": 0, "excluded_lines": 0, "percent_statements_covered": 100.0, "percent_statements_covered_display": "100"}, "missing_lines": [], "excluded_lines": [], "functions": {"": {"executed_lines": [4, 6], "summary": {"covered_lines": 2, "num_statements": 2, "percent_covered": 100.0, "percent_covered_display": "100", "missing_lines": 0, "excluded_lines": 0, "percent_statements_covered": 100.0, "percent_statements_covered_display": "100"}, "missing_lines": [], "excluded_lines": [], "start_line": 1}}, "classes": {"": {"executed_lines": [4, 6], "summary": {"covered_lines": 2, "num_statements": 2, "percent_covered": 100.0, "percent_covered_display": "100", "missing_lines": 0, "excluded_lines": 0, "percent_statements_covered": 100.0, "percent_statements_covered_display": "100"}, "missing_lines": [], "excluded_lines": [], "start_line": 1}}}, "app\\api\\routes.py": {"executed_lines": [4, 5, 6, 7, 8, 9, 10, 11, 12, 13, 14, 16, 19, 20, 21, 24, 25, 36, 38, 40, 41, 43, 44, 58, 61, 62, 66, 72, 73, 77, 80, 81, 82, 83, 84, 87, 88, 89, 94, 95, 96, 99, 102, 103, 105, 113, 114, 118, 119, 121, 123, 124, 126], "summary": {"covered_lines": 53, "num_statements": 57, "percent_covered": 92.98245614035088, "percent_covered_display": "93", "missing_lines": 4, "excluded_lines": 0, "percent_statements_covered": 92.98245614035088, "percent_statements_covered_display": "93"}, "missing_lines": [48, 49, 90, 91], "excluded_lines": [], "functions": {"chat": {"executed_lines": [36, 38, 58], "summary": {"covered_lines": 3, "num_statements": 3, "percent_covered": 100.0, "percent_covered_display": "100", "missing_lines": 0, "excluded_lines": 0, "percent_statements_covered": 100.0, "percent_statements_covered_display": "100"}, "missing_lines": [], "excluded_lines": [], "start_line": 25}, "chat.event_generator": {"executed_lines": [40, 41, 43, 44], "summary": {"covered_lines": 4, "num_statements": 6, "percent_covered": 66.66666666666667, "percent_covered_display": "67", "missing_lines": 2, "excluded_lines": 0, "percent_statements_covered": 66.66666666666667, "percent_statements_covered_display": "67"}, "missing_lines": [48, 49], "excluded_lines": [], "start_line": 38}, "list_models": {"executed_lines": [66], "summary": {"covered_lines": 1, "num_statements": 1, "percent_covered": 100.0, "percent_covered_display": "100", "missing_lines": 0, "excluded_lines": 0, "percent_statements_covered": 100.0, "percent_statements_covered_display": "100"}, "missing_lines": [], "excluded_lines": [], "start_line": 62}, "health": {"executed_lines": [77, 80, 81, 82, 83, 84, 87, 88, 89, 94, 95, 96, 99, 102, 103, 105], "summary": {"covered_lines": 16, "num_statements": 18, "percent_covered": 88.88888888888889, "percent_covered_display": "89", "missing_lines": 2, "excluded_lines": 0, "percent_statements_covered": 88.88888888888889, "percent_statements_covered_display": "89"}, "missing_lines": [90, 91], "excluded_lines": [], "start_line": 73}, "get_chart": {"executed_lines": [118, 119, 121, 123, 124, 126], "summary": {"covered_lines": 6, "num_statements": 6, "percent_covered": 100.0, "percent_covered_display": "100", "missing_lines": 0, "excluded_lines": 0, "percent_statements_covered": 100.0, "percent_statements_covered_display": "100"}, "missing_lines": [], "excluded_lines": [], "start_line": 114}, "": {"executed_lines": [4, 5, 6, 7, 8, 9, 10, 11, 12, 13, 14, 16, 19, 20, 21, 24, 25, 61, 62, 72, 73, 113, 114], "summary": {"covered_lines": 23, "num_statements": 23, "percent_covered": 100.0, "percent_covered_display": "100", "missing_lines": 0, "excluded_lines": 0, "percent_statements_covered": 100.0, "percent_statements_covered_display": "100"}, "missing_lines": [], "excluded_lines": [], "start_line": 1}}, "classes": {"": {"executed_lines": [4, 5, 6, 7, 8, 9, 10, 11, 12, 13, 14, 16, 19, 20, 21, 24, 25, 36, 38, 40, 41, 43, 44, 58, 61, 62, 66, 72, 73, 77, 80, 81, 82, 83, 84, 87, 88, 89, 94, 95, 96, 99, 102, 103, 105, 113, 114, 118, 119, 121, 123, 124, 126], "summary": {"covered_lines": 53, "num_statements": 57, "percent_covered": 92.98245614035088, "percent_covered_display": "93", "missing_lines": 4, "excluded_lines": 0, "percent_statements_covered": 92.98245614035088, "percent_statements_covered_display": "93"}, "missing_lines": [48, 49, 90, 91], "excluded_lines": [], "start_line": 1}}}, "app\\config.py": {"executed_lines": [4, 5, 8, 12, 13, 14, 15, 18, 19, 22, 23, 24, 27, 30, 31, 32, 35, 36, 39, 40, 41, 44, 45, 48, 49, 50, 53, 54, 56, 57, 58, 59, 61, 64], "summary": {"covered_lines": 34, "num_statements": 34, "percent_covered": 100.0, "percent_covered_display": "100", "missing_lines": 0, "excluded_lines": 0, "percent_statements_covered": 100.0, "percent_statements_covered_display": "100"}, "missing_lines": [], "excluded_lines": [], "functions": {"": {"executed_lines": [4, 5, 8, 12, 13, 14, 15, 18, 19, 22, 23, 24, 27, 30, 31, 32, 35, 36, 39, 40, 41, 44, 45, 48, 49, 50, 53, 54, 56, 57, 58, 59, 61, 64], "summary": {"covered_lines": 34, "num_statements": 34, "percent_covered": 100.0, "percent_covered_display": "100", "missing_lines": 0, "excluded_lines": 0, "percent_statements_covered": 100.0, "percent_statements_covered_display": "100"}, "missing_lines": [], "excluded_lines": [], "start_line": 1}}, "classes": {"Settings": {"executed_lines": [], "summary": {"covered_lines": 0, "num_statements": 0, "percent_covered": 100.0, "percent_covered_display": "100", "missing_lines": 0, "excluded_lines": 0, "percent_statements_covered": 100.0, "percent_statements_covered_display": "100"}, "missing_lines": [], "excluded_lines": [], "start_line": 8}, "Settings.Config": {"executed_lines": [], "summary": {"covered_lines": 0, "num_statements": 0, "percent_covered": 100.0, "percent_covered_display": "100", "missing_lines": 0, "excluded_lines": 0, "percent_statements_covered": 100.0, "percent_statements_covered_display": "100"}, "missing_lines": [], "excluded_lines": [], "start_line": 56}, "": {"executed_lines": [4, 5, 8, 12, 13, 14, 15, 18, 19, 22, 23, 24, 27, 30, 31, 32, 35, 36, 39, 40, 41, 44, 45, 48, 49, 50, 53, 54, 56, 57, 58, 59, 61, 64], "summary": {"covered_lines": 34, "num_statements": 34, "percent_covered": 100.0, "percent_covered_display": "100", "missing_lines": 0, "excluded_lines": 0, "percent_statements_covered": 100.0, "percent_statements_covered_display": "100"}, "missing_lines": [], "excluded_lines": [], "start_line": 1}}}, "app\\enricher\\__init__.py": {"executed_lines": [4, 6], "summary": {"covered_lines": 2, "num_statements": 2, "percent_covered": 100.0, "percent_covered_display": "100", "missing_lines": 0, "excluded_lines": 0, "percent_statements_covered": 100.0, "percent_statements_covered_display": "100"}, "missing_lines": [], "excluded_lines": [], "functions": {"": {"executed_lines": [4, 6], "summary": {"covered_lines": 2, "num_statements": 2, "percent_covered": 100.0, "percent_covered_display": "100", "missing_lines": 0, "excluded_lines": 0, "percent_statements_covered": 100.0, "percent_statements_covered_display": "100"}, "missing_lines": [], "excluded_lines": [], "start_line": 1}}, "classes": {"": {"executed_lines": [4, 6], "summary": {"covered_lines": 2, "num_statements": 2, "percent_covered": 100.0, "percent_covered_display": "100", "missing_lines": 0, "excluded_lines": 0, "percent_statements_covered": 100.0, "percent_statements_covered_display": "100"}, "missing_lines": [], "excluded_lines": [], "start_line": 1}}}, "app\\enricher\\enricher.py": {"executed_lines": [4, 7, 14, 19, 24, 29, 30, 35, 38, 39, 41, 42, 44, 45, 48, 49, 52, 53, 55, 56, 61, 62, 64, 66, 67, 69, 70, 72], "summary": {"covered_lines": 28, "num_statements": 28, "percent_covered": 100.0, "percent_covered_display": "100", "missing_lines": 0, "excluded_lines": 0, "percent_statements_covered": 100.0, "percent_statements_covered_display": "100"}, "missing_lines": [], "excluded_lines": [], "functions": {"QueryEnricher.enrich": {"executed_lines": [35, 38, 39, 41, 42, 44, 45, 48, 49, 52, 53], "summary": {"covered_lines": 11, "num_statements": 11, "percent_covered": 100.0, "percent_covered_display": "100", "missing_lines": 0, "excluded_lines": 0, "percent_statements_covered": 100.0, "percent_statements_covered_display": "100"}, "missing_lines": [], "excluded_lines": [], "start_line": 30}, "QueryEnricher.extract_symbols": {"executed_lines": [61, 62, 64, 66, 67, 69, 70, 72], "summary": {"covered_lines": 8, "num_statements": 8, "percent_covered": 100.0, "percent_covered_display": "100", "missing_lines": 0, "excluded_lines": 0, "percent_statements_covered": 100.0, "percent_statements_covered_display": "100"}, "missing_lines": [], "excluded_lines": [], "start_line": 56}, "": {"executed_lines": [4, 7, 14, 19, 24, 29, 30, 55, 56], "summary": {"covered_lines": 9, "num_statements": 9, "percent_covered": 100.0, "percent_covered_display": "100", "missing_lines": 0, "excluded_lines": 0, "percent_statements_covered": 100.0, "percent_statements_covered_display": "100"}, "missing_lines": [], "excluded_lines": [], "start_line": 1}}, "classes": {"QueryEnricher": {"executed_lines": [35, 38, 39, 41, 42, 44, 45, 48, 49, 52, 53, 61, 62, 64, 66, 67, 69, 70, 72], "summary": {"covered_lines": 19, "num_statements": 19, "percent_covered": 100.0, "percent_covered_display": "100", "missing_lines": 0, "excluded_lines": 0, "percent_statements_covered": 100.0, "percent_statements_covered_display": "100"}, "missing_lines": [], "excluded_lines": [], "start_line": 7}, "": {"executed_lines": [4, 7, 14, 19, 24, 29, 30, 55, 56], "summary": {"covered_lines": 9, "num_statements": 9, "percent_covered": 100.0, "percent_covered_display": "100", "missing_lines": 0, "excluded_lines": 0, "percent_statements_covered": 100.0, "percent_statements_covered_display": "100"}, "missing_lines": [], "excluded_lines": [], "start_line": 1}}}, "app\\main.py": {"executed_lines": [4, 5, 6, 7, 9, 16, 25, 28, 29, 31, 38], "summary": {"covered_lines": 11, "num_statements": 13, "percent_covered": 84.61538461538461, "percent_covered_display": "85", "missing_lines": 2, "excluded_lines": 0, "percent_statements_covered": 84.61538461538461, "percent_statements_covered_display": "85"}, "missing_lines": [39, 40], "excluded_lines": [], "functions": {"root": {"executed_lines": [31], "summary": {"covered_lines": 1, "num_statements": 1, "percent_covered": 100.0, "percent_covered_display": "100", "missing_lines": 0, "excluded_lines": 0, "percent_statements_covered": 100.0, "percent_statements_covered_display": "100"}, "missing_lines": [], "excluded_lines": [], "start_line": 29}, "": {"executed_lines": [4, 5, 6, 7, 9, 16, 25, 28, 29, 38], "summary": {"covered_lines": 10, "num_statements": 12, "percent_covered": 83.33333333333333, "percent_covered_display": "83", "missing_lines": 2, "excluded_lines": 0, "percent_statements_covered": 83.33333333333333, "percent_statements_covered_display": "83"}, "missing_lines": [39, 40], "excluded_lines": [], "start_line": 1}}, "classes": {"": {"executed_lines": [4, 5, 6, 7, 9, 16, 25, 28, 29, 31, 38], "summary": {"covered_lines": 11, "num_statements": 13, "percent_covered": 84.61538461538461, "percent_covered_display": "85", "missing_lines": 2, "excluded_lines": 0, "percent_statements_covered": 84.61538461538461, "percent_statements_covered_display": "85"}, "missing_lines": [39, 40], "excluded_lines": [], "start_line": 1}}}, "app\\market\\__init__.py": {"executed_lines": [4, 6], "summary": {"covered_lines": 2, "num_statements": 2, "percent_covered": 100.0, "percent_covered_display": "100", "missing_lines": 0, "excluded_lines": 0, "percent_statements_covered": 100.0, "percent_statements_covered_display": "100"}, "missing_lines": [], "excluded_lines": [], "functions": {"": {"executed_lines": [4, 6], "summary": {"covered_lines": 2, "num_statements": 2, "percent_covered": 100.0, "percent_covered_display": "100", "missing_lines": 0, "excluded_lines": 0, "percent_statements_covered": 100.0, "percent_statements_covered_display": "100"}, "missing_lines": [], "excluded_lines": [], "start_line": 1}}, "classes": {"": {"executed_lines": [4, 6], "summary": {"covered_lines": 2, "num_statements": 2, "percent_covered": 100.0, "percent_covered_display": "100", "missing_lines": 0, "excluded_lines": 0, "percent_statements_covered": 100.0, "percent_statements_covered_display": "100"}, "missing_lines": [], "excluded_lines": [], "start_line": 1}}}, "app\\market\\indicators.py": {"executed_lines": [5, 6, 9, 10, 12, 13, 14, 17, 20, 21, 32, 33, 35, 41, 43, 44, 46, 50, 53, 54, 57, 58, 60, 61, 64, 65, 67, 69, 70, 88, 89, 91, 105, 109, 110, 117, 121, 122, 124, 125, 126, 127, 128, 131, 132, 133, 137, 138, 140, 142, 143, 159, 163, 178, 179, 180, 181, 182, 183, 184, 186, 187, 197, 198, 203, 204, 210, 216, 217, 229, 230, 235, 236, 242, 248, 249, 267, 268, 273, 274, 279, 280, 292, 293, 304, 305, 312, 313, 314, 317, 318, 319, 321, 322, 323, 326, 328], "summary": {"covered_lines": 97, "num_statements": 115, "percent_covered": 84.34782608695652, "percent_covered_display": "84", "missing_lines": 18, "excluded_lines": 0, "percent_statements_covered": 84.34782608695652, "percent_statements_covered_display": "84"}, "missing_lines": [11, 36, 37, 38, 47, 92, 93, 99, 118, 123, 160, 161, 164, 165, 171, 286, 320, 324], "excluded_lines": [], "functions": {"TechnicalIndicators.calculate_rsi": {"executed_lines": [32, 33, 35, 41], "summary": {"covered_lines": 4, "num_statements": 7, "percent_covered": 57.142857142857146, "percent_covered_display": "57", "missing_lines": 3, "excluded_lines": 0, "percent_statements_covered": 57.142857142857146, "percent_statements_covered_display": "57"}, "missing_lines": [36, 37, 38], "excluded_lines": [], "start_line": 21}, "TechnicalIndicators._calculate_rsi_fallback": {"executed_lines": [46, 50, 53, 54, 57, 58, 60, 61, 64, 65, 67], "summary": {"covered_lines": 11, "num_statements": 12, "percent_covered": 91.66666666666667, "percent_covered_display": "92", "missing_lines": 1, "excluded_lines": 0, "percent_statements_covered": 91.66666666666667, "percent_statements_covered_display": "92"}, "missing_lines": [47], "excluded_lines": [], "start_line": 44}, "TechnicalIndicators.calculate_macd": {"executed_lines": [88, 89, 91, 105], "summary": {"covered_lines": 4, "num_statements": 7, "percent_covered": 57.142857142857146, "percent_covered_display": "57", "missing_lines": 3, "excluded_lines": 0, "percent_statements_covered": 57.142857142857146, "percent_statements_covered_display": "57"}, "missing_lines": [92, 93, 99], "excluded_lines": [], "start_line": 70}, "TechnicalIndicators._calculate_macd_fallback": {"executed_lines": [117, 121, 131, 132, 133, 137, 138, 140], "summary": {"covered_lines": 8, "num_statements": 9, "percent_covered": 88.88888888888889, "percent_covered_display": "89", "missing_lines": 1, "excluded_lines": 0, "percent_statements_covered": 88.88888888888889, "percent_statements_covered_display": "89"}, "missing_lines": [118], "excluded_lines": [], "start_line": 110}, "TechnicalIndicators._calculate_macd_fallback.ema": {"executed_lines": [122, 124, 125, 126, 127, 128], "summary": {"covered_lines": 6, "num_statements": 7, "percent_covered": 85.71428571428571, "percent_covered_display": "86", "missing_lines": 1, "excluded_lines": 0, "percent_statements_covered": 85.71428571428571, "percent_statements_covered_display": "86"}, "missing_lines": [123], "excluded_lines": [], "start_line": 121}, "TechnicalIndicators.calculate_bollinger_bands": {"executed_lines": [159, 163, 178, 179, 180, 181, 182, 183, 184], "summary": {"covered_lines": 9, "num_statements": 14, "percent_covered": 64.28571428571429, "percent_covered_display": "64", "missing_lines": 5, "excluded_lines": 0, "percent_statements_covered": 64.28571428571429, "percent_statements_covered_display": "64"}, "missing_lines": [160, 161, 164, 165, 171], "excluded_lines": [], "start_line": 143}, "TechnicalIndicators.interpret_rsi": {"executed_lines": [197, 198, 203, 204, 210], "summary": {"covered_lines": 5, "num_statements": 5, "percent_covered": 100.0, "percent_covered_display": "100", "missing_lines": 0, "excluded_lines": 0, "percent_statements_covered": 100.0, "percent_statements_covered_display": "100"}, "missing_lines": [], "excluded_lines": [], "start_line": 187}, "TechnicalIndicators.interpret_macd": {"executed_lines": [229, 230, 235, 236, 242], "summary": {"covered_lines": 5, "num_statements": 5, "percent_covered": 100.0, "percent_covered_display": "100", "missing_lines": 0, "excluded_lines": 0, "percent_statements_covered": 100.0, "percent_statements_covered_display": "100"}, "missing_lines": [], "excluded_lines": [], "start_line": 217}, "TechnicalIndicators.interpret_bollinger": {"executed_lines": [267, 268, 273, 274, 279, 280], "summary": {"covered_lines": 6, "num_statements": 7, "percent_covered": 85.71428571428571, "percent_covered_display": "86", "missing_lines": 1, "excluded_lines": 0, "percent_statements_covered": 85.71428571428571, "percent_statements_covered_display": "86"}, "missing_lines": [286], "excluded_lines": [], "start_line": 249}, "TechnicalIndicators.calculate_trend": {"executed_lines": [304, 305, 312, 313, 314, 317, 318, 319, 321, 322, 323, 326, 328], "summary": {"covered_lines": 13, "num_statements": 15, "percent_covered": 86.66666666666667, "percent_covered_display": "87", "missing_lines": 2, "excluded_lines": 0, "percent_statements_covered": 86.66666666666667, "percent_statements_covered_display": "87"}, "missing_lines": [320, 324], "excluded_lines": [], "start_line": 293}, "": {"executed_lines": [5, 6, 9, 10, 12, 13, 14, 17, 20, 21, 43, 44, 69, 70, 109, 110, 142, 143, 186, 187, 216, 217, 248, 249, 292, 293], "summary": {"covered_lines": 26, "num_statements": 27, "percent_covered": 96.29629629629629, "percent_covered_display": "96", "missing_lines": 1, "excluded_lines": 0, "percent_statements_covered": 96.29629629629629, "percent_statements_covered_display": "96"}, "missing_lines": [11], "excluded_lines": [], "start_line": 1}}, "classes": {"TechnicalIndicators": {"executed_lines": [32, 33, 35, 41, 46, 50, 53, 54, 57, 58, 60, 61, 64, 65, 67, 88, 89, 91, 105, 117, 121, 122, 124, 125, 126, 127, 128, 131, 132, 133, 137, 138, 140, 159, 163, 178, 179, 180, 181, 182, 183, 184, 197, 198, 203, 204, 210, 229, 230, 235, 236, 242, 267, 268, 273, 274, 279, 280, 304, 305, 312, 313, 314, 317, 318, 319, 321, 322, 323, 326, 328], "summary": {"covered_lines": 71, "num_statements": 88, "percent_covered": 80.68181818181819, "percent_covered_display": "81", "missing_lines": 17, "excluded_lines": 0, "percent_statements_covered": 80.68181818181819, "percent_statements_covered_display": "81"}, "missing_lines": [36, 37, 38, 47, 92, 93, 99, 118, 123, 160, 161, 164, 165, 171, 286, 320, 324], "excluded_lines": [], "start_line": 17}, "": {"executed_lines": [5, 6, 9, 10, 12, 13, 14, 17, 20, 21, 43, 44, 69, 70, 109, 110, 142, 143, 186, 187, 216, 217, 248, 249, 292, 293], "summary": {"covered_lines": 26, "num_statements": 27, "percent_covered": 96.29629629629629, "percent_covered_display": "96", "missing_lines": 1, "excluded_lines": 0, "percent_statements_covered": 96.29629629629629, "percent_statements_covered_display": "96"}, "missing_lines": [11], "excluded_lines": [], "start_line": 1}}}, "app\\market\\service.py": {"executed_lines": [3, 4, 5, 6, 8, 9, 10, 12, 13, 16, 17, 18, 21, 24, 44, 45, 46, 47, 49, 50, 51, 53, 54, 55, 56, 57, 59, 62, 65, 66, 72, 74, 75, 76, 77, 78, 79, 80, 81, 83, 84, 85, 86, 87, 89, 90, 91, 93, 94, 95, 96, 99, 101, 102, 103, 107, 108, 109, 112, 113, 117, 118, 119, 122, 123, 127, 128, 129, 131, 136, 138, 139, 140, 141, 142, 143, 144, 146, 150, 151, 152, 153, 155, 156, 157, 158, 160, 161, 165, 174, 176, 178, 212, 233, 234, 235, 236, 243, 244, 245, 246, 248, 249, 250, 251, 252, 260, 261, 263, 264, 265, 266, 268, 275, 276, 277, 278, 280, 281, 284, 285, 286, 298, 305, 306, 308, 309, 310, 311, 321, 322, 323, 324, 326, 327, 330, 331, 332, 333, 334, 336, 337, 343, 353, 354, 367, 368, 369, 371, 372, 375, 376, 377, 390, 391, 405], "summary": {"covered_lines": 156, "num_statements": 208, "percent_covered": 75.0, "percent_covered_display": "75", "missing_lines": 52, "excluded_lines": 0, "percent_statements_covered": 75.0, "percent_statements_covered_display": "75"}, "missing_lines": [97, 98, 104, 105, 110, 114, 115, 120, 124, 125, 145, 147, 148, 162, 163, 179, 180, 181, 182, 184, 185, 186, 187, 188, 198, 199, 201, 202, 204, 213, 214, 215, 217, 218, 219, 282, 313, 328, 338, 339, 341, 356, 373, 393, 394, 395, 396, 398, 406, 407, 408, 409], "excluded_lines": [], "functions": {"TickerMapper.normalize": {"executed_lines": [46, 47, 49, 50, 51, 53, 54, 55, 56, 57, 59], "summary": {"covered_lines": 11, "num_statements": 11, "percent_covered": 100.0, "percent_covered_display": "100", "missing_lines": 0, "excluded_lines": 0, "percent_statements_covered": 100.0, "percent_statements_covered_display": "100"}, "missing_lines": [], "excluded_lines": [], "start_line": 45}, "MarketDataService.__init__": {"executed_lines": [66, 72], "summary": {"covered_lines": 2, "num_statements": 2, "percent_covered": 100.0, "percent_covered_display": "100", "missing_lines": 0, "excluded_lines": 0, "percent_statements_covered": 100.0, "percent_statements_covered_display": "100"}, "missing_lines": [], "excluded_lines": [], "start_line": 65}, "MarketDataService._get_cache": {"executed_lines": [75, 76, 77, 78, 79, 80, 81], "summary": {"covered_lines": 7, "num_statements": 7, "percent_covered": 100.0, "percent_covered_display": "100", "missing_lines": 0, "excluded_lines": 0, "percent_statements_covered": 100.0, "percent_statements_covered_display": "100"}, "missing_lines": [], "excluded_lines": [], "start_line": 74}, "MarketDataService._set_cache": {"executed_lines": [84, 85, 86, 87], "summary": {"covered_lines": 4, "num_statements": 4, "percent_covered": 100.0, "percent_covered_display": "100", "missing_lines": 0, "excluded_lines": 0, "percent_statements_covered": 100.0, "percent_statements_covered_display": "100"}, "missing_lines": [], "excluded_lines": [], "start_line": 83}, "MarketDataService._utc_now": {"executed_lines": [91], "summary": {"covered_lines": 1, "num_statements": 1, "percent_covered": 100.0, "percent_covered_display": "100", "missing_lines": 0, "excluded_lines": 0, "percent_statements_covered": 100.0, "percent_statements_covered_display": "100"}, "missing_lines": [], "excluded_lines": [], "start_line": 90}, "MarketDataService._safe_days": {"executed_lines": [95, 96, 99], "summary": {"covered_lines": 3, "num_statements": 5, "percent_covered": 60.0, "percent_covered_display": "60", "missing_lines": 2, "excluded_lines": 0, "percent_statements_covered": 60.0, "percent_statements_covered_display": "60"}, "missing_lines": [97, 98], "excluded_lines": [], "start_line": 94}, "MarketDataService._fetch_yfinance": {"executed_lines": [102, 103], "summary": {"covered_lines": 2, "num_statements": 4, "percent_covered": 50.0, "percent_covered_display": "50", "missing_lines": 2, "excluded_lines": 0, "percent_statements_covered": 50.0, "percent_statements_covered_display": "50"}, "missing_lines": [104, 105], "excluded_lines": [], "start_line": 101}, "MarketDataService._fetch_yfinance_info": {"executed_lines": [108, 109, 112, 113], "summary": {"covered_lines": 4, "num_statements": 7, "percent_covered": 57.142857142857146, "percent_covered_display": "57", "missing_lines": 3, "excluded_lines": 0, "percent_statements_covered": 57.142857142857146, "percent_statements_covered_display": "57"}, "missing_lines": [110, 114, 115], "excluded_lines": [], "start_line": 107}, "MarketDataService._fetch_yfinance_history": {"executed_lines": [118, 119, 122, 123], "summary": {"covered_lines": 4, "num_statements": 7, "percent_covered": 57.142857142857146, "percent_covered_display": "57", "missing_lines": 3, "excluded_lines": 0, "percent_statements_covered": 57.142857142857146, "percent_statements_covered_display": "57"}, "missing_lines": [120, 124, 125], "excluded_lines": [], "start_line": 117}, "MarketDataService._request_alpha_vantage": {"executed_lines": [128, 129, 131, 136, 138, 139, 140, 141, 142, 143, 144, 146], "summary": {"covered_lines": 12, "num_statements": 15, "percent_covered": 80.0, "percent_covered_display": "80", "missing_lines": 3, "excluded_lines": 0, "percent_statements_covered": 80.0, "percent_statements_covered_display": "80"}, "missing_lines": [145, 147, 148], "excluded_lines": [], "start_line": 127}, "MarketDataService._fetch_alpha_vantage_quote": {"executed_lines": [151, 152, 153, 155, 156, 157, 158, 160, 161, 165], "summary": {"covered_lines": 10, "num_statements": 12, "percent_covered": 83.33333333333333, "percent_covered_display": "83", "missing_lines": 2, "excluded_lines": 0, "percent_statements_covered": 83.33333333333333, "percent_statements_covered_display": "83"}, "missing_lines": [162, 163], "excluded_lines": [], "start_line": 150}, "MarketDataService._fetch_alpha_vantage": {"executed_lines": [176], "summary": {"covered_lines": 1, "num_statements": 1, "percent_covered": 100.0, "percent_covered_display": "100", "missing_lines": 0, "excluded_lines": 0, "percent_statements_covered": 100.0, "percent_statements_covered_display": "100"}, "missing_lines": [], "excluded_lines": [], "start_line": 174}, "MarketDataService._fetch_alpha_vantage_history": {"executed_lines": [], "summary": {"covered_lines": 0, "num_statements": 14, "percent_covered": 0.0, "percent_covered_display": "0", "missing_lines": 14, "excluded_lines": 0, "percent_statements_covered": 0.0, "percent_statements_covered_display": "0"}, "missing_lines": [179, 180, 181, 182, 184, 185, 186, 187, 188, 198, 199, 201, 202, 204], "excluded_lines": [], "start_line": 178}, "MarketDataService._fetch_alpha_vantage_info": {"executed_lines": [], "summary": {"covered_lines": 0, "num_statements": 6, "percent_covered": 0.0, "percent_covered_display": "0", "missing_lines": 6, "excluded_lines": 0, "percent_statements_covered": 0.0, "percent_statements_covered_display": "0"}, "missing_lines": [213, 214, 215, 217, 218, 219], "excluded_lines": [], "start_line": 212}, "MarketDataService.get_price": {"executed_lines": [234, 235, 236, 243, 244, 245, 246, 248, 249, 250, 251, 252, 260, 261, 263, 264, 265, 266, 268], "summary": {"covered_lines": 19, "num_statements": 19, "percent_covered": 100.0, "percent_covered_display": "100", "missing_lines": 0, "excluded_lines": 0, "percent_statements_covered": 100.0, "percent_statements_covered_display": "100"}, "missing_lines": [], "excluded_lines": [], "start_line": 233}, "MarketDataService.get_history": {"executed_lines": [276, 277, 278, 280, 281, 284, 285, 286, 298, 305, 306, 308, 309, 310, 311], "summary": {"covered_lines": 15, "num_statements": 17, "percent_covered": 88.23529411764706, "percent_covered_display": "88", "missing_lines": 2, "excluded_lines": 0, "percent_statements_covered": 88.23529411764706, "percent_statements_covered_display": "88"}, "missing_lines": [282, 313], "excluded_lines": [], "start_line": 275}, "MarketDataService.get_change": {"executed_lines": [322, 323, 324, 326, 327, 330, 331, 332, 333, 334, 336, 337, 343, 353, 354], "summary": {"covered_lines": 15, "num_statements": 20, "percent_covered": 75.0, "percent_covered_display": "75", "missing_lines": 5, "excluded_lines": 0, "percent_statements_covered": 75.0, "percent_statements_covered_display": "75"}, "missing_lines": [328, 338, 339, 341, 356], "excluded_lines": [], "start_line": 321}, "MarketDataService.get_info": {"executed_lines": [368, 369, 371, 372, 375, 376, 377, 390, 391], "summary": {"covered_lines": 9, "num_statements": 15, "percent_covered": 60.0, "percent_covered_display": "60", "missing_lines": 6, "excluded_lines": 0, "percent_statements_covered": 60.0, "percent_statements_covered_display": "60"}, "missing_lines": [373, 393, 394, 395, 396, 398], "excluded_lines": [], "start_line": 367}, "MarketDataService.check_cache": {"executed_lines": [], "summary": {"covered_lines": 0, "num_statements": 4, "percent_covered": 0.0, "percent_covered_display": "0", "missing_lines": 4, "excluded_lines": 0, "percent_statements_covered": 0.0, "percent_statements_covered_display": "0"}, "missing_lines": [406, 407, 408, 409], "excluded_lines": [], "start_line": 405}, "": {"executed_lines": [3, 4, 5, 6, 8, 9, 10, 12, 13, 16, 17, 18, 21, 24, 44, 45, 62, 65, 74, 83, 89, 90, 93, 94, 101, 107, 117, 127, 150, 174, 178, 212, 233, 275, 321, 367, 405], "summary": {"covered_lines": 37, "num_statements": 37, "percent_covered": 100.0, "percent_covered_display": "100", "missing_lines": 0, "excluded_lines": 0, "percent_statements_covered": 100.0, "percent_statements_covered_display": "100"}, "missing_lines": [], "excluded_lines": [], "start_line": 1}}, "classes": {"TickerMapper": {"executed_lines": [46, 47, 49, 50, 51, 53, 54, 55, 56, 57, 59], "summary": {"covered_lines": 11, "num_statements": 11, "percent_covered": 100.0, "percent_covered_display": "100", "missing_lines": 0, "excluded_lines": 0, "percent_statements_covered": 100.0, "percent_statements_covered_display": "100"}, "missing_lines": [], "excluded_lines": [], "start_line": 21}, "MarketDataService": {"executed_lines": [66, 72, 75, 76, 77, 78, 79, 80, 81, 84, 85, 86, 87, 91, 95, 96, 99, 102, 103, 108, 109, 112, 113, 118, 119, 122, 123, 128, 129, 131, 136, 138, 139, 140, 141, 142, 143, 144, 146, 151, 152, 153, 155, 156, 157, 158, 160, 161, 165, 176, 234, 235, 236, 243, 244, 245, 246, 248, 249, 250, 251, 252, 260, 261, 263, 264, 265, 266, 268, 276, 277, 278, 280, 281, 284, 285, 286, 298, 305, 306, 308, 309, 310, 311, 322, 323, 324, 326, 327, 330, 331, 332, 333, 334, 336, 337, 343, 353, 354, 368, 369, 371, 372, 375, 376, 377, 390, 391], "summary": {"covered_lines": 108, "num_statements": 160, "percent_covered": 67.5, "percent_covered_display": "68", "missing_lines": 52, "excluded_lines": 0, "percent_statements_covered": 67.5, "percent_statements_covered_display": "68"}, "missing_lines": [97, 98, 104, 105, 110, 114, 115, 120, 124, 125, 145, 147, 148, 162, 163, 179, 180, 181, 182, 184, 185, 186, 187, 188, 198, 199, 201, 202, 204, 213, 214, 215, 217, 218, 219, 282, 313, 328, 338, 339, 341, 356, 373, 393, 394, 395, 396, 398, 406, 407, 408, 409], "excluded_lines": [], "start_line": 62}, "": {"executed_lines": [3, 4, 5, 6, 8, 9, 10, 12, 13, 16, 17, 18, 21, 24, 44, 45, 62, 65, 74, 83, 89, 90, 93, 94, 101, 107, 117, 127, 150, 174, 178, 212, 233, 275, 321, 367, 405], "summary": {"covered_lines": 37, "num_statements": 37, "percent_covered": 100.0, "percent_covered_display": "100", "missing_lines": 0, "excluded_lines": 0, "percent_statements_covered": 100.0, "percent_statements_covered_display": "100"}, "missing_lines": [], "excluded_lines": [], "start_line": 1}}}, "app\\models\\__init__.py": {"executed_lines": [4, 23, 31, 38], "summary": {"covered_lines": 4, "num_statements": 4, "percent_covered": 100.0, "percent_covered_display": "100", "missing_lines": 0, "excluded_lines": 0, "percent_statements_covered": 100.0, "percent_statements_covered_display": "100"}, "missing_lines": [], "excluded_lines": [], "functions": {"": {"executed_lines": [4, 23, 31, 38], "summary": {"covered_lines": 4, "num_statements": 4, "percent_covered": 100.0, "percent_covered_display": "100", "missing_lines": 0, "excluded_lines": 0, "percent_statements_covered": 100.0, "percent_statements_covered_display": "100"}, "missing_lines": [], "excluded_lines": [], "start_line": 1}}, "classes": {"": {"executed_lines": [4, 23, 31, 38], "summary": {"covered_lines": 4, "num_statements": 4, "percent_covered": 100.0, "percent_covered_display": "100", "missing_lines": 0, "excluded_lines": 0, "percent_statements_covered": 100.0, "percent_statements_covered_display": "100"}, "missing_lines": [], "excluded_lines": [], "start_line": 1}}}, "app\\models\\model_adapter.py": {"executed_lines": [3, 4, 5, 7, 8, 10, 13, 16, 17, 27, 30, 31, 32, 33, 34, 35, 37, 44, 51, 52, 53, 56, 59, 60, 61, 63, 64, 65, 66, 76, 78, 85, 86, 88, 96, 97, 98, 100, 101, 103, 104, 105, 113, 114, 115, 116, 117, 121, 123, 124, 125, 126, 133, 134, 136, 137, 138, 139, 141, 142, 143, 151, 154, 155, 157, 158, 160, 161, 162, 165, 168, 169, 170, 171, 173, 181, 183], "summary": {"covered_lines": 77, "num_statements": 78, "percent_covered": 98.71794871794872, "percent_covered_display": "99", "missing_lines": 1, "excluded_lines": 0, "percent_statements_covered": 98.71794871794872, "percent_statements_covered_display": "99"}, "missing_lines": [156], "excluded_lines": [], "functions": {"ModelAdapter.create_message_stream": {"executed_lines": [], "summary": {"covered_lines": 0, "num_statements": 0, "percent_covered": 100.0, "percent_covered_display": "100", "missing_lines": 0, "excluded_lines": 0, "percent_statements_covered": 100.0, "percent_statements_covered_display": "100"}, "missing_lines": [], "excluded_lines": [], "start_line": 17}, "AnthropicAdapter.__init__": {"executed_lines": [31, 32, 33, 34, 35], "summary": {"covered_lines": 5, "num_statements": 5, "percent_covered": 100.0, "percent_covered_display": "100", "missing_lines": 0, "excluded_lines": 0, "percent_statements_covered": 100.0, "percent_statements_covered_display": "100"}, "missing_lines": [], "excluded_lines": [], "start_line": 30}, "AnthropicAdapter.create_message_stream": {"executed_lines": [44, 51, 52, 53], "summary": {"covered_lines": 4, "num_statements": 4, "percent_covered": 100.0, "percent_covered_display": "100", "missing_lines": 0, "excluded_lines": 0, "percent_statements_covered": 100.0, "percent_statements_covered_display": "100"}, "missing_lines": [], "excluded_lines": [], "start_line": 37}, "OpenAIAdapter.__init__": {"executed_lines": [60, 61], "summary": {"covered_lines": 2, "num_statements": 2, "percent_covered": 100.0, "percent_covered_display": "100", "missing_lines": 0, "excluded_lines": 0, "percent_statements_covered": 100.0, "percent_statements_covered_display": "100"}, "missing_lines": [], "excluded_lines": [], "start_line": 59}, "OpenAIAdapter._convert_tools_to_openai_format": {"executed_lines": [64, 65, 66, 76], "summary": {"covered_lines": 4, "num_statements": 4, "percent_covered": 100.0, "percent_covered_display": "100", "missing_lines": 0, "excluded_lines": 0, "percent_statements_covered": 100.0, "percent_statements_covered_display": "100"}, "missing_lines": [], "excluded_lines": [], "start_line": 63}, "OpenAIAdapter.create_message_stream": {"executed_lines": [85, 86, 88, 96, 97, 98, 100, 101, 103, 104, 105, 113, 114, 115, 116, 117, 121, 123, 124, 125, 126, 133, 134, 136, 137, 138, 139, 141, 142, 143, 151], "summary": {"covered_lines": 31, "num_statements": 31, "percent_covered": 100.0, "percent_covered_display": "100", "missing_lines": 0, "excluded_lines": 0, "percent_statements_covered": 100.0, "percent_statements_covered_display": "100"}, "missing_lines": [], "excluded_lines": [], "start_line": 78}, "_safe_json_loads": {"executed_lines": [155, 157, 158, 160, 161, 162], "summary": {"covered_lines": 6, "num_statements": 7, "percent_covered": 85.71428571428571, "percent_covered_display": "86", "missing_lines": 1, "excluded_lines": 0, "percent_statements_covered": 85.71428571428571, "percent_statements_covered_display": "86"}, "missing_lines": [156], "excluded_lines": [], "start_line": 154}, "ModelAdapterFactory.create_adapter": {"executed_lines": [170, 171, 173, 181, 183], "summary": {"covered_lines": 5, "num_statements": 5, "percent_covered": 100.0, "percent_covered_display": "100", "missing_lines": 0, "excluded_lines": 0, "percent_statements_covered": 100.0, "percent_statements_covered_display": "100"}, "missing_lines": [], "excluded_lines": [], "start_line": 169}, "": {"executed_lines": [3, 4, 5, 7, 8, 10, 13, 16, 17, 27, 30, 37, 56, 59, 63, 78, 154, 165, 168, 169], "summary": {"covered_lines": 20, "num_statements": 20, "percent_covered": 100.0, "percent_covered_display": "100", "missing_lines": 0, "excluded_lines": 0, "percent_statements_covered": 100.0, "percent_statements_covered_display": "100"}, "missing_lines": [], "excluded_lines": [], "start_line": 1}}, "classes": {"ModelAdapter": {"executed_lines": [], "summary": {"covered_lines": 0, "num_statements": 0, "percent_covered": 100.0, "percent_covered_display": "100", "missing_lines": 0, "excluded_lines": 0, "percent_statements_covered": 100.0, "percent_statements_covered_display": "100"}, "missing_lines": [], "excluded_lines": [], "start_line": 13}, "AnthropicAdapter": {"executed_lines": [31, 32, 33, 34, 35, 44, 51, 52, 53], "summary": {"covered_lines": 9, "num_statements": 9, "percent_covered": 100.0, "percent_covered_display": "100", "missing_lines": 0, "excluded_lines": 0, "percent_statements_covered": 100.0, "percent_statements_covered_display": "100"}, "missing_lines": [], "excluded_lines": [], "start_line": 27}, "OpenAIAdapter": {"executed_lines": [60, 61, 64, 65, 66, 76, 85, 86, 88, 96, 97, 98, 100, 101, 103, 104, 105, 113, 114, 115, 116, 117, 121, 123, 124, 125, 126, 133, 134, 136, 137, 138, 139, 141, 142, 143, 151], "summary": {"covered_lines": 37, "num_statements": 37, "percent_covered": 100.0, "percent_covered_display": "100", "missing_lines": 0, "excluded_lines": 0, "percent_statements_covered": 100.0, "percent_statements_covered_display": "100"}, "missing_lines": [], "excluded_lines": [], "start_line": 56}, "ModelAdapterFactory": {"executed_lines": [170, 171, 173, 181, 183], "summary": {"covered_lines": 5, "num_statements": 5, "percent_covered": 100.0, "percent_covered_display": "100", "missing_lines": 0, "excluded_lines": 0, "percent_statements_covered": 100.0, "percent_statements_covered_display": "100"}, "missing_lines": [], "excluded_lines": [], "start_line": 165}, "": {"executed_lines": [3, 4, 5, 7, 8, 10, 13, 16, 17, 27, 30, 37, 56, 59, 63, 78, 154, 155, 157, 158, 160, 161, 162, 165, 168, 169], "summary": {"covered_lines": 26, "num_statements": 27, "percent_covered": 96.29629629629629, "percent_covered_display": "96", "missing_lines": 1, "excluded_lines": 0, "percent_statements_covered": 96.29629629629629, "percent_statements_covered_display": "96"}, "missing_lines": [156], "excluded_lines": [], "start_line": 1}}}, "app\\models\\multi_model.py": {"executed_lines": [5, 6, 7, 8, 9, 10, 13, 15, 16, 17, 18, 19, 20, 21, 24, 26, 27, 28, 31, 33, 46, 47, 48, 49, 50, 51, 52, 53, 54, 55, 58, 69, 70, 71, 76, 79, 80, 82, 86, 87, 103, 104, 105, 122, 123, 139, 141, 142, 149, 151, 155, 156, 157, 158, 161, 162, 163, 164, 167, 168, 169, 171, 172, 174, 182, 185, 191, 199, 200, 203, 204, 207, 209, 225, 226, 227, 228, 231, 232, 233, 234, 237, 238, 243, 247, 269, 277, 280, 281, 283, 284, 285, 288, 292, 294, 295, 297, 299, 305, 307, 322], "summary": {"covered_lines": 101, "num_statements": 116, "percent_covered": 87.06896551724138, "percent_covered_display": "87", "missing_lines": 15, "excluded_lines": 0, "percent_statements_covered": 87.06896551724138, "percent_statements_covered_display": "87"}, "missing_lines": [124, 170, 245, 249, 250, 252, 254, 255, 256, 257, 258, 260, 261, 267, 278], "excluded_lines": [], "functions": {"ModelConfig.__init__": {"executed_lines": [46, 47, 48, 49, 50, 51, 52, 53, 54, 55], "summary": {"covered_lines": 10, "num_statements": 10, "percent_covered": 100.0, "percent_covered_display": "100", "missing_lines": 0, "excluded_lines": 0, "percent_statements_covered": 100.0, "percent_statements_covered_display": "100"}, "missing_lines": [], "excluded_lines": [], "start_line": 33}, "MultiModelManager.__init__": {"executed_lines": [70, 71, 76, 79, 80], "summary": {"covered_lines": 5, "num_statements": 5, "percent_covered": 100.0, "percent_covered_display": "100", "missing_lines": 0, "excluded_lines": 0, "percent_statements_covered": 100.0, "percent_statements_covered_display": "100"}, "missing_lines": [], "excluded_lines": [], "start_line": 69}, "MultiModelManager._load_models": {"executed_lines": [86, 87, 103, 104, 105, 122, 123], "summary": {"covered_lines": 7, "num_statements": 8, "percent_covered": 87.5, "percent_covered_display": "88", "missing_lines": 1, "excluded_lines": 0, "percent_statements_covered": 87.5, "percent_statements_covered_display": "88"}, "missing_lines": [124], "excluded_lines": [], "start_line": 82}, "MultiModelManager.add_model": {"executed_lines": [141, 142, 149], "summary": {"covered_lines": 3, "num_statements": 3, "percent_covered": 100.0, "percent_covered_display": "100", "missing_lines": 0, "excluded_lines": 0, "percent_statements_covered": 100.0, "percent_statements_covered_display": "100"}, "missing_lines": [], "excluded_lines": [], "start_line": 139}, "MultiModelManager._setup_routing": {"executed_lines": [155, 156, 157, 158, 161, 162, 163, 164, 167, 168, 169, 171, 172], "summary": {"covered_lines": 13, "num_statements": 14, "percent_covered": 92.85714285714286, "percent_covered_display": "93", "missing_lines": 1, "excluded_lines": 0, "percent_statements_covered": 92.85714285714286, "percent_statements_covered_display": "93"}, "missing_lines": [170], "excluded_lines": [], "start_line": 151}, "MultiModelManager.classify_query": {"executed_lines": [182, 185, 191, 199, 200, 203, 204, 207], "summary": {"covered_lines": 8, "num_statements": 8, "percent_covered": 100.0, "percent_covered_display": "100", "missing_lines": 0, "excluded_lines": 0, "percent_statements_covered": 100.0, "percent_statements_covered_display": "100"}, "missing_lines": [], "excluded_lines": [], "start_line": 174}, "MultiModelManager.select_model": {"executed_lines": [225, 226, 227, 228, 231, 232, 233, 234, 237, 238, 243], "summary": {"covered_lines": 11, "num_statements": 12, "percent_covered": 91.66666666666667, "percent_covered_display": "92", "missing_lines": 1, "excluded_lines": 0, "percent_statements_covered": 91.66666666666667, "percent_statements_covered_display": "92"}, "missing_lines": [245], "excluded_lines": [], "start_line": 209}, "MultiModelManager.get_client": {"executed_lines": [], "summary": {"covered_lines": 0, "num_statements": 11, "percent_covered": 0.0, "percent_covered_display": "0", "missing_lines": 11, "excluded_lines": 0, "percent_statements_covered": 0.0, "percent_statements_covered_display": "0"}, "missing_lines": [249, 250, 252, 254, 255, 256, 257, 258, 260, 261, 267], "excluded_lines": [], "start_line": 247}, "MultiModelManager.record_usage": {"executed_lines": [277, 280, 281, 283, 284, 285, 288, 292, 294, 295], "summary": {"covered_lines": 10, "num_statements": 11, "percent_covered": 90.9090909090909, "percent_covered_display": "91", "missing_lines": 1, "excluded_lines": 0, "percent_statements_covered": 90.9090909090909, "percent_statements_covered_display": "91"}, "missing_lines": [278], "excluded_lines": [], "start_line": 269}, "MultiModelManager.get_usage_report": {"executed_lines": [299], "summary": {"covered_lines": 1, "num_statements": 1, "percent_covered": 100.0, "percent_covered_display": "100", "missing_lines": 0, "excluded_lines": 0, "percent_statements_covered": 100.0, "percent_statements_covered_display": "100"}, "missing_lines": [], "excluded_lines": [], "start_line": 297}, "MultiModelManager.list_models": {"executed_lines": [307], "summary": {"covered_lines": 1, "num_statements": 1, "percent_covered": 100.0, "percent_covered_display": "100", "missing_lines": 0, "excluded_lines": 0, "percent_statements_covered": 100.0, "percent_statements_covered_display": "100"}, "missing_lines": [], "excluded_lines": [], "start_line": 305}, "": {"executed_lines": [5, 6, 7, 8, 9, 10, 13, 15, 16, 17, 18, 19, 20, 21, 24, 26, 27, 28, 31, 33, 58, 69, 82, 139, 151, 174, 209, 247, 269, 297, 305, 322], "summary": {"covered_lines": 32, "num_statements": 32, "percent_covered": 100.0, "percent_covered_display": "100", "missing_lines": 0, "excluded_lines": 0, "percent_statements_covered": 100.0, "percent_statements_covered_display": "100"}, "missing_lines": [], "excluded_lines": [], "start_line": 1}}, "classes": {"ModelProvider": {"executed_lines": [], "summary": {"covered_lines": 0, "num_statements": 0, "percent_covered": 100.0, "percent_covered_display": "100", "missing_lines": 0, "excluded_lines": 0, "percent_statements_covered": 100.0, "percent_statements_covered_display": "100"}, "missing_lines": [], "excluded_lines": [], "start_line": 13}, "QueryComplexity": {"executed_lines": [], "summary": {"covered_lines": 0, "num_statements": 0, "percent_covered": 100.0, "percent_covered_display": "100", "missing_lines": 0, "excluded_lines": 0, "percent_statements_covered": 100.0, "percent_statements_covered_display": "100"}, "missing_lines": [], "excluded_lines": [], "start_line": 24}, "ModelConfig": {"executed_lines": [46, 47, 48, 49, 50, 51, 52, 53, 54, 55], "summary": {"covered_lines": 10, "num_statements": 10, "percent_covered": 100.0, "percent_covered_display": "100", "missing_lines": 0, "excluded_lines": 0, "percent_statements_covered": 100.0, "percent_statements_covered_display": "100"}, "missing_lines": [], "excluded_lines": [], "start_line": 31}, "MultiModelManager": {"executed_lines": [70, 71, 76, 79, 80, 86, 87, 103, 104, 105, 122, 123, 141, 142, 149, 155, 156, 157, 158, 161, 162, 163, 164, 167, 168, 169, 171, 172, 182, 185, 191, 199, 200, 203, 204, 207, 225, 226, 227, 228, 231, 232, 233, 234, 237, 238, 243, 277, 280, 281, 283, 284, 285, 288, 292, 294, 295, 299, 307], "summary": {"covered_lines": 59, "num_statements": 74, "percent_covered": 79.72972972972973, "percent_covered_display": "80", "missing_lines": 15, "excluded_lines": 0, "percent_statements_covered": 79.72972972972973, "percent_statements_covered_display": "80"}, "missing_lines": [124, 170, 245, 249, 250, 252, 254, 255, 256, 257, 258, 260, 261, 267, 278], "excluded_lines": [], "start_line": 58}, "": {"executed_lines": [5, 6, 7, 8, 9, 10, 13, 15, 16, 17, 18, 19, 20, 21, 24, 26, 27, 28, 31, 33, 58, 69, 82, 139, 151, 174, 209, 247, 269, 297, 305, 322], "summary": {"covered_lines": 32, "num_statements": 32, "percent_covered": 100.0, "percent_covered_display": "100", "missing_lines": 0, "excluded_lines": 0, "percent_statements_covered": 100.0, "percent_statements_covered_display": "100"}, "missing_lines": [], "excluded_lines": [], "start_line": 1}}}, "app\\models\\schemas.py": {"executed_lines": [4, 5, 6, 13, 15, 16, 17, 18, 19, 20, 23, 25, 26, 27, 28, 29, 30, 31, 34, 36, 37, 38, 39, 40, 43, 45, 46, 47, 48, 49, 50, 51, 52, 55, 57, 58, 59, 60, 61, 62, 63, 64, 65, 66, 67, 69, 70, 77, 79, 80, 81, 84, 86, 87, 94, 96, 97, 98, 99, 102, 104, 105, 112, 114, 115, 118, 120, 121, 124, 126, 127, 128, 129, 130, 131, 132, 133, 134, 135, 136, 137, 138, 139, 140, 141, 144, 146, 147, 148, 149, 152, 154, 155, 156, 163, 165, 166, 169, 171, 172, 173, 174, 175, 176, 177], "summary": {"covered_lines": 105, "num_statements": 105, "percent_covered": 100.0, "percent_covered_display": "100", "missing_lines": 0, "excluded_lines": 0, "percent_statements_covered": 100.0, "percent_statements_covered_display": "100"}, "missing_lines": [], "excluded_lines": [], "functions": {"": {"executed_lines": [4, 5, 6, 13, 15, 16, 17, 18, 19, 20, 23, 25, 26, 27, 28, 29, 30, 31, 34, 36, 37, 38, 39, 40, 43, 45, 46, 47, 48, 49, 50, 51, 52, 55, 57, 58, 59, 60, 61, 62, 63, 64, 65, 66, 67, 69, 70, 77, 79, 80, 81, 84, 86, 87, 94, 96, 97, 98, 99, 102, 104, 105, 112, 114, 115, 118, 120, 121, 124, 126, 127, 128, 129, 130, 131, 132, 133, 134, 135, 136, 137, 138, 139, 140, 141, 144, 146, 147, 148, 149, 152, 154, 155, 156, 163, 165, 166, 169, 171, 172, 173, 174, 175, 176, 177], "summary": {"covered_lines": 105, "num_statements": 105, "percent_covered": 100.0, "percent_covered_display": "100", "missing_lines": 0, "excluded_lines": 0, "percent_statements_covered": 100.0, "percent_statements_covered_display": "100"}, "missing_lines": [], "excluded_lines": [], "start_line": 1}}, "classes": {"PricePoint": {"executed_lines": [], "summary": {"covered_lines": 0, "num_statements": 0, "percent_covered": 100.0, "percent_covered_display": "100", "missing_lines": 0, "excluded_lines": 0, "percent_statements_covered": 100.0, "percent_statements_covered_display": "100"}, "missing_lines": [], "excluded_lines": [], "start_line": 13}, "MarketData": {"executed_lines": [], "summary": {"covered_lines": 0, "num_statements": 0, "percent_covered": 100.0, "percent_covered_display": "100", "missing_lines": 0, "excluded_lines": 0, "percent_statements_covered": 100.0, "percent_statements_covered_display": "100"}, "missing_lines": [], "excluded_lines": [], "start_line": 23}, "HistoryData": {"executed_lines": [], "summary": {"covered_lines": 0, "num_statements": 0, "percent_covered": 100.0, "percent_covered_display": "100", "missing_lines": 0, "excluded_lines": 0, "percent_statements_covered": 100.0, "percent_statements_covered_display": "100"}, "missing_lines": [], "excluded_lines": [], "start_line": 34}, "ChangeData": {"executed_lines": [], "summary": {"covered_lines": 0, "num_statements": 0, "percent_covered": 100.0, "percent_covered_display": "100", "missing_lines": 0, "excluded_lines": 0, "percent_statements_covered": 100.0, "percent_statements_covered_display": "100"}, "missing_lines": [], "excluded_lines": [], "start_line": 43}, "CompanyInfo": {"executed_lines": [], "summary": {"covered_lines": 0, "num_statements": 0, "percent_covered": 100.0, "percent_covered_display": "100", "missing_lines": 0, "excluded_lines": 0, "percent_statements_covered": 100.0, "percent_statements_covered_display": "100"}, "missing_lines": [], "excluded_lines": [], "start_line": 55}, "CompanyInfo.Config": {"executed_lines": [], "summary": {"covered_lines": 0, "num_statements": 0, "percent_covered": 100.0, "percent_covered_display": "100", "missing_lines": 0, "excluded_lines": 0, "percent_statements_covered": 100.0, "percent_statements_covered_display": "100"}, "missing_lines": [], "excluded_lines": [], "start_line": 69}, "Document": {"executed_lines": [], "summary": {"covered_lines": 0, "num_statements": 0, "percent_covered": 100.0, "percent_covered_display": "100", "missing_lines": 0, "excluded_lines": 0, "percent_statements_covered": 100.0, "percent_statements_covered_display": "100"}, "missing_lines": [], "excluded_lines": [], "start_line": 77}, "KnowledgeResult": {"executed_lines": [], "summary": {"covered_lines": 0, "num_statements": 0, "percent_covered": 100.0, "percent_covered_display": "100", "missing_lines": 0, "excluded_lines": 0, "percent_statements_covered": 100.0, "percent_statements_covered_display": "100"}, "missing_lines": [], "excluded_lines": [], "start_line": 84}, "SearchResult": {"executed_lines": [], "summary": {"covered_lines": 0, "num_statements": 0, "percent_covered": 100.0, "percent_covered_display": "100", "missing_lines": 0, "excluded_lines": 0, "percent_statements_covered": 100.0, "percent_statements_covered_display": "100"}, "missing_lines": [], "excluded_lines": [], "start_line": 94}, "WebSearchResult": {"executed_lines": [], "summary": {"covered_lines": 0, "num_statements": 0, "percent_covered": 100.0, "percent_covered_display": "100", "missing_lines": 0, "excluded_lines": 0, "percent_statements_covered": 100.0, "percent_statements_covered_display": "100"}, "missing_lines": [], "excluded_lines": [], "start_line": 102}, "ChatRequest": {"executed_lines": [], "summary": {"covered_lines": 0, "num_statements": 0, "percent_covered": 100.0, "percent_covered_display": "100", "missing_lines": 0, "excluded_lines": 0, "percent_statements_covered": 100.0, "percent_statements_covered_display": "100"}, "missing_lines": [], "excluded_lines": [], "start_line": 112}, "Source": {"executed_lines": [], "summary": {"covered_lines": 0, "num_statements": 0, "percent_covered": 100.0, "percent_covered_display": "100", "missing_lines": 0, "excluded_lines": 0, "percent_statements_covered": 100.0, "percent_statements_covered_display": "100"}, "missing_lines": [], "excluded_lines": [], "start_line": 118}, "SSEEvent": {"executed_lines": [], "summary": {"covered_lines": 0, "num_statements": 0, "percent_covered": 100.0, "percent_covered_display": "100", "missing_lines": 0, "excluded_lines": 0, "percent_statements_covered": 100.0, "percent_statements_covered_display": "100"}, "missing_lines": [], "excluded_lines": [], "start_line": 124}, "HealthResponse": {"executed_lines": [], "summary": {"covered_lines": 0, "num_statements": 0, "percent_covered": 100.0, "percent_covered_display": "100", "missing_lines": 0, "excluded_lines": 0, "percent_statements_covered": 100.0, "percent_statements_covered_display": "100"}, "missing_lines": [], "excluded_lines": [], "start_line": 144}, "ChartResponse": {"executed_lines": [], "summary": {"covered_lines": 0, "num_statements": 0, "percent_covered": 100.0, "percent_covered_display": "100", "missing_lines": 0, "excluded_lines": 0, "percent_statements_covered": 100.0, "percent_statements_covered_display": "100"}, "missing_lines": [], "excluded_lines": [], "start_line": 152}, "ToolCall": {"executed_lines": [], "summary": {"covered_lines": 0, "num_statements": 0, "percent_covered": 100.0, "percent_covered_display": "100", "missing_lines": 0, "excluded_lines": 0, "percent_statements_covered": 100.0, "percent_statements_covered_display": "100"}, "missing_lines": [], "excluded_lines": [], "start_line": 163}, "ToolResult": {"executed_lines": [], "summary": {"covered_lines": 0, "num_statements": 0, "percent_covered": 100.0, "percent_covered_display": "100", "missing_lines": 0, "excluded_lines": 0, "percent_statements_covered": 100.0, "percent_statements_covered_display": "100"}, "missing_lines": [], "excluded_lines": [], "start_line": 169}, "": {"executed_lines": [4, 5, 6, 13, 15, 16, 17, 18, 19, 20, 23, 25, 26, 27, 28, 29, 30, 31, 34, 36, 37, 38, 39, 40, 43, 45, 46, 47, 48, 49, 50, 51, 52, 55, 57, 58, 59, 60, 61, 62, 63, 64, 65, 66, 67, 69, 70, 77, 79, 80, 81, 84, 86, 87, 94, 96, 97, 98, 99, 102, 104, 105, 112, 114, 115, 118, 120, 121, 124, 126, 127, 128, 129, 130, 131, 132, 133, 134, 135, 136, 137, 138, 139, 140, 141, 144, 146, 147, 148, 149, 152, 154, 155, 156, 163, 165, 166, 169, 171, 172, 173, 174, 175, 176, 177], "summary": {"covered_lines": 105, "num_statements": 105, "percent_covered": 100.0, "percent_covered_display": "100", "missing_lines": 0, "excluded_lines": 0, "percent_statements_covered": 100.0, "percent_statements_covered_display": "100"}, "missing_lines": [], "excluded_lines": [], "start_line": 1}}}, "app\\rag\\__init__.py": {"executed_lines": [4, 6], "summary": {"covered_lines": 2, "num_statements": 2, "percent_covered": 100.0, "percent_covered_display": "100", "missing_lines": 0, "excluded_lines": 0, "percent_statements_covered": 100.0, "percent_statements_covered_display": "100"}, "missing_lines": [], "excluded_lines": [], "functions": {"": {"executed_lines": [4, 6], "summary": {"covered_lines": 2, "num_statements": 2, "percent_covered": 100.0, "percent_covered_display": "100", "missing_lines": 0, "excluded_lines": 0, "percent_statements_covered": 100.0, "percent_statements_covered_display": "100"}, "missing_lines": [], "excluded_lines": [], "start_line": 1}}, "classes": {"": {"executed_lines": [4, 6], "summary": {"covered_lines": 2, "num_statements": 2, "percent_covered": 100.0, "percent_covered_display": "100", "missing_lines": 0, "excluded_lines": 0, "percent_statements_covered": 100.0, "percent_statements_covered_display": "100"}, "missing_lines": [], "excluded_lines": [], "start_line": 1}}}, "app\\rag\\confidence.py": {"executed_lines": [5, 6, 7, 10, 20, 21, 27, 42, 43, 46, 49, 50, 51, 53, 56, 59, 65, 67, 79, 80, 83, 84, 86, 90, 93, 95, 97, 107, 108, 109, 110, 111, 112, 114, 116, 127], "summary": {"covered_lines": 36, "num_statements": 37, "percent_covered": 97.29729729729729, "percent_covered_display": "97", "missing_lines": 1, "excluded_lines": 0, "percent_statements_covered": 97.29729729729729, "percent_statements_covered_display": "97"}, "missing_lines": [87], "excluded_lines": [], "functions": {"ConfidenceScorer.__init__": {"executed_lines": [21], "summary": {"covered_lines": 1, "num_statements": 1, "percent_covered": 100.0, "percent_covered_display": "100", "missing_lines": 0, "excluded_lines": 0, "percent_statements_covered": 100.0, "percent_statements_covered_display": "100"}, "missing_lines": [], "excluded_lines": [], "start_line": 20}, "ConfidenceScorer.calculate": {"executed_lines": [42, 43, 46, 49, 50, 51, 53, 56, 59, 65], "summary": {"covered_lines": 10, "num_statements": 10, "percent_covered": 100.0, "percent_covered_display": "100", "missing_lines": 0, "excluded_lines": 0, "percent_statements_covered": 100.0, "percent_statements_covered_display": "100"}, "missing_lines": [], "excluded_lines": [], "start_line": 27}, "ConfidenceScorer._calculate_coverage": {"executed_lines": [79, 80, 83, 84, 86, 90, 93, 95], "summary": {"covered_lines": 8, "num_statements": 9, "percent_covered": 88.88888888888889, "percent_covered_display": "89", "missing_lines": 1, "excluded_lines": 0, "percent_statements_covered": 88.88888888888889, "percent_statements_covered_display": "89"}, "missing_lines": [87], "excluded_lines": [], "start_line": 67}, "ConfidenceScorer.get_confidence_level": {"executed_lines": [107, 108, 109, 110, 111, 112, 114], "summary": {"covered_lines": 7, "num_statements": 7, "percent_covered": 100.0, "percent_covered_display": "100", "missing_lines": 0, "excluded_lines": 0, "percent_statements_covered": 100.0, "percent_statements_covered_display": "100"}, "missing_lines": [], "excluded_lines": [], "start_line": 97}, "ConfidenceScorer.should_answer": {"executed_lines": [127], "summary": {"covered_lines": 1, "num_statements": 1, "percent_covered": 100.0, "percent_covered_display": "100", "missing_lines": 0, "excluded_lines": 0, "percent_statements_covered": 100.0, "percent_statements_covered_display": "100"}, "missing_lines": [], "excluded_lines": [], "start_line": 116}, "": {"executed_lines": [5, 6, 7, 10, 20, 27, 67, 97, 116], "summary": {"covered_lines": 9, "num_statements": 9, "percent_covered": 100.0, "percent_covered_display": "100", "missing_lines": 0, "excluded_lines": 0, "percent_statements_covered": 100.0, "percent_statements_covered_display": "100"}, "missing_lines": [], "excluded_lines": [], "start_line": 1}}, "classes": {"ConfidenceScorer": {"executed_lines": [21, 42, 43, 46, 49, 50, 51, 53, 56, 59, 65, 79, 80, 83, 84, 86, 90, 93, 95, 107, 108, 109, 110, 111, 112, 114, 127], "summary": {"covered_lines": 27, "num_statements": 28, "percent_covered": 96.42857142857143, "percent_covered_display": "96", "missing_lines": 1, "excluded_lines": 0, "percent_statements_covered": 96.42857142857143, "percent_statements_covered_display": "96"}, "missing_lines": [87], "excluded_lines": [], "start_line": 10}, "": {"executed_lines": [5, 6, 7, 10, 20, 27, 67, 97, 116], "summary": {"covered_lines": 9, "num_statements": 9, "percent_covered": 100.0, "percent_covered_display": "100", "missing_lines": 0, "excluded_lines": 0, "percent_statements_covered": 100.0, "percent_statements_covered_display": "100"}, "missing_lines": [], "excluded_lines": [], "start_line": 1}}}, "app\\rag\\hybrid_pipeline.py": {"executed_lines": [5, 6, 7, 8, 9, 10, 13, 24, 25, 26, 27, 28, 30, 39, 42, 43, 44, 46, 48, 59, 60, 63, 66, 69, 72, 73, 74, 75, 82, 84, 104, 107, 108, 109, 110, 112, 113, 121, 124, 125, 126, 127, 129, 130, 140, 143, 149, 151, 163, 165, 167], "summary": {"covered_lines": 51, "num_statements": 72, "percent_covered": 70.83333333333333, "percent_covered_display": "71", "missing_lines": 21, "excluded_lines": 0, "percent_statements_covered": 70.83333333333333, "percent_statements_covered_display": "71"}, "missing_lines": [138, 170, 181, 184, 188, 189, 190, 197, 198, 199, 201, 202, 205, 206, 207, 208, 215, 216, 219, 228, 234], "excluded_lines": [], "functions": {"HybridRAGPipeline.__init__": {"executed_lines": [25, 26, 27, 28], "summary": {"covered_lines": 4, "num_statements": 4, "percent_covered": 100.0, "percent_covered_display": "100", "missing_lines": 0, "excluded_lines": 0, "percent_statements_covered": 100.0, "percent_statements_covered_display": "100"}, "missing_lines": [], "excluded_lines": [], "start_line": 24}, "HybridRAGPipeline.build_bm25_index": {"executed_lines": [39, 42, 43, 44, 46], "summary": {"covered_lines": 5, "num_statements": 5, "percent_covered": 100.0, "percent_covered_display": "100", "missing_lines": 0, "excluded_lines": 0, "percent_statements_covered": 100.0, "percent_statements_covered_display": "100"}, "missing_lines": [], "excluded_lines": [], "start_line": 30}, "HybridRAGPipeline._bm25_search": {"executed_lines": [59, 60, 63, 66, 69, 72, 73, 74, 75, 82], "summary": {"covered_lines": 10, "num_statements": 10, "percent_covered": 100.0, "percent_covered_display": "100", "missing_lines": 0, "excluded_lines": 0, "percent_statements_covered": 100.0, "percent_statements_covered_display": "100"}, "missing_lines": [], "excluded_lines": [], "start_line": 48}, "HybridRAGPipeline._rrf_fusion": {"executed_lines": [104, 107, 108, 109, 110, 112, 113, 121, 124, 125, 126, 127, 129, 130, 140, 143, 149], "summary": {"covered_lines": 17, "num_statements": 18, "percent_covered": 94.44444444444444, "percent_covered_display": "94", "missing_lines": 1, "excluded_lines": 0, "percent_statements_covered": 94.44444444444444, "percent_statements_covered_display": "94"}, "missing_lines": [138], "excluded_lines": [], "start_line": 84}, "HybridRAGPipeline.search": {"executed_lines": [163, 165, 167], "summary": {"covered_lines": 3, "num_statements": 23, "percent_covered": 13.043478260869565, "percent_covered_display": "13", "missing_lines": 20, "excluded_lines": 0, "percent_statements_covered": 13.043478260869565, "percent_statements_covered_display": "13"}, "missing_lines": [170, 181, 184, 188, 189, 190, 197, 198, 199, 201, 202, 205, 206, 207, 208, 215, 216, 219, 228, 234], "excluded_lines": [], "start_line": 151}, "": {"executed_lines": [5, 6, 7, 8, 9, 10, 13, 24, 30, 48, 84, 151], "summary": {"covered_lines": 12, "num_statements": 12, "percent_covered": 100.0, "percent_covered_display": "100", "missing_lines": 0, "excluded_lines": 0, "percent_statements_covered": 100.0, "percent_statements_covered_display": "100"}, "missing_lines": [], "excluded_lines": [], "start_line": 1}}, "classes": {"HybridRAGPipeline": {"executed_lines": [25, 26, 27, 28, 39, 42, 43, 44, 46, 59, 60, 63, 66, 69, 72, 73, 74, 75, 82, 104, 107, 108, 109, 110, 112, 113, 121, 124, 125, 126, 127, 129, 130, 140, 143, 149, 163, 165, 167], "summary": {"covered_lines": 39, "num_statements": 60, "percent_covered": 65.0, "percent_covered_display": "65", "missing_lines": 21, "excluded_lines": 0, "percent_statements_covered": 65.0, "percent_statements_covered_display": "65"}, "missing_lines": [138, 170, 181, 184, 188, 189, 190, 197, 198, 199, 201, 202, 205, 206, 207, 208, 215, 216, 219, 228, 234], "excluded_lines": [], "start_line": 13}, "": {"executed_lines": [5, 6, 7, 8, 9, 10, 13, 24, 30, 48, 84, 151], "summary": {"covered_lines": 12, "num_statements": 12, "percent_covered": 100.0, "percent_covered_display": "100", "missing_lines": 0, "excluded_lines": 0, "percent_statements_covered": 100.0, "percent_statements_covered_display": "100"}, "missing_lines": [], "excluded_lines": [], "start_line": 1}}}, "app\\rag\\pipeline.py": {"executed_lines": [4, 5, 6, 7, 8, 9, 10, 11, 14, 17, 19, 20, 22, 30, 36, 39, 41, 43, 44, 46, 53, 55, 60, 61, 64, 65, 66, 73, 74, 77, 81, 82, 83, 84, 91, 92, 95, 104, 109, 111, 117, 124, 126], "summary": {"covered_lines": 43, "num_statements": 44, "percent_covered": 97.72727272727273, "percent_covered_display": "98", "missing_lines": 1, "excluded_lines": 0, "percent_statements_covered": 97.72727272727273, "percent_statements_covered_display": "98"}, "missing_lines": [78], "excluded_lines": [], "functions": {"RAGPipeline.__init__": {"executed_lines": [19, 20, 22, 30, 36, 39], "summary": {"covered_lines": 6, "num_statements": 6, "percent_covered": 100.0, "percent_covered_display": "100", "missing_lines": 0, "excluded_lines": 0, "percent_statements_covered": 100.0, "percent_statements_covered_display": "100"}, "missing_lines": [], "excluded_lines": [], "start_line": 17}, "RAGPipeline._embed_query": {"executed_lines": [43, 44], "summary": {"covered_lines": 2, "num_statements": 2, "percent_covered": 100.0, "percent_covered_display": "100", "missing_lines": 0, "excluded_lines": 0, "percent_statements_covered": 100.0, "percent_statements_covered_display": "100"}, "missing_lines": [], "excluded_lines": [], "start_line": 41}, "RAGPipeline.search": {"executed_lines": [53, 55, 60, 61, 64, 65, 66, 73, 74, 77, 81, 82, 83, 84, 91, 92, 95, 104], "summary": {"covered_lines": 18, "num_statements": 19, "percent_covered": 94.73684210526316, "percent_covered_display": "95", "missing_lines": 1, "excluded_lines": 0, "percent_statements_covered": 94.73684210526316, "percent_statements_covered_display": "95"}, "missing_lines": [78], "excluded_lines": [], "start_line": 46}, "RAGPipeline.add_documents": {"executed_lines": [111, 117], "summary": {"covered_lines": 2, "num_statements": 2, "percent_covered": 100.0, "percent_covered_display": "100", "missing_lines": 0, "excluded_lines": 0, "percent_statements_covered": 100.0, "percent_statements_covered_display": "100"}, "missing_lines": [], "excluded_lines": [
[...]
xecuted_lines": [5, 8, 23, 65, 88, 127, 169], "summary": {"covered_lines": 7, "num_statements": 7, "percent_covered": 100.0, "percent_covered_display": "100", "missing_lines": 0, "excluded_lines": 0, "percent_statements_covered": 100.0, "percent_statements_covered_display": "100"}, "missing_lines": [], "excluded_lines": [], "start_line": 1}}}, "app\\reasoning\\query_router.py": {"executed_lines": [5, 6, 9, 11, 12, 13, 14, 15, 16, 17, 18, 21, 23, 24, 27, 39, 46, 54, 61, 76, 79, 82, 85, 88, 91, 93, 102, 105, 106, 109, 110, 113, 114, 117, 118, 121, 125, 129, 130, 133, 134, 137, 139, 142, 147, 150, 151, 153, 154, 157, 159, 161, 163, 166, 179, 180, 181, 182, 185, 186, 187, 190, 192, 194, 195, 197, 200, 201, 203, 206, 210, 213, 214, 215, 216, 219, 220, 225, 226, 231, 233, 240, 243, 244, 247, 248, 251, 252, 254], "summary": {"covered_lines": 89, "num_statements": 98, "percent_covered": 90.81632653061224, "percent_covered_display": "91", "missing_lines": 9, "excluded_lines": 0, "percent_statements_covered": 90.81632653061224, "percent_statements_covered_display": "91"}, "missing_lines": [122, 126, 198, 204, 207, 221, 222, 227, 228], "excluded_lines": [], "functions": {"QueryRouter.route": {"executed_lines": [76, 79, 82, 85, 88, 91, 93], "summary": {"covered_lines": 7, "num_statements": 7, "percent_covered": 100.0, "percent_covered_display": "100", "missing_lines": 0, "excluded_lines": 0, "percent_statements_covered": 100.0, "percent_statements_covered_display": "100"}, "missing_lines": [], "excluded_lines": [], "start_line": 61}, "QueryRouter._identify_query_type": {"executed_lines": [105, 106, 109, 110, 113, 114, 117, 118, 121, 125, 129, 130, 133, 134, 137], "summary": {"covered_lines": 15, "num_statements": 17, "percent_covered": 88.23529411764706, "percent_covered_display": "88", "missing_lines": 2, "excluded_lines": 0, "percent_statements_covered": 88.23529411764706, "percent_statements_covered_display": "88"}, "missing_lines": [122, 126], "excluded_lines": [], "start_line": 102}, "QueryRouter._decide_mode": {"executed_lines": [142, 147, 150, 151, 153, 154, 157], "summary": {"covered_lines": 7, "num_statements": 7, "percent_covered": 100.0, "percent_covered_display": "100", "missing_lines": 0, "excluded_lines": 0, "percent_statements_covered": 100.0, "percent_statements_covered_display": "100"}, "missing_lines": [], "excluded_lines": [], "start_line": 139}, "QueryRouter._extract_symbols": {"executed_lines": [161, 163, 166, 179, 180, 181, 182, 185, 186, 187, 190], "summary": {"covered_lines": 11, "num_statements": 11, "percent_covered": 100.0, "percent_covered_display": "100", "missing_lines": 0, "excluded_lines": 0, "percent_statements_covered": 100.0, "percent_statements_covered_display": "100"}, "missing_lines": [], "excluded_lines": [], "start_line": 159}, "QueryRouter._extract_time_range": {"executed_lines": [194, 195, 197, 200, 201, 203, 206, 210, 213, 214, 215, 216, 219, 220, 225, 226, 231], "summary": {"covered_lines": 17, "num_statements": 24, "percent_covered": 70.83333333333333, "percent_covered_display": "71", "missing_lines": 7, "excluded_lines": 0, "percent_statements_covered": 70.83333333333333, "percent_statements_covered_display": "71"}, "missing_lines": [198, 204, 207, 221, 222, 227, 228], "excluded_lines": [], "start_line": 192}, "QueryRouter._calculate_confidence": {"executed_lines": [240, 243, 244, 247, 248, 251, 252, 254], "summary": {"covered_lines": 8, "num_statements": 8, "percent_covered": 100.0, "percent_covered_display": "100", "missing_lines": 0, "excluded_lines": 0, "percent_statements_covered": 100.0, "percent_statements_covered_display": "100"}, "missing_lines": [], "excluded_lines": [], "start_line": 233}, "": {"executed_lines": [5, 6, 9, 11, 12, 13, 14, 15, 16, 17, 18, 21, 23, 24, 27, 39, 46, 54, 61, 102, 139, 159, 192, 233], "summary": {"covered_lines": 24, "num_statements": 24, "percent_covered": 100.0, "percent_covered_display": "100", "missing_lines": 0, "excluded_lines": 0, "percent_statements_covered": 100.0, "percent_statements_covered_display": "100"}, "missing_lines": [], "excluded_lines": [], "start_line": 1}}, "classes": {"QueryType": {"executed_lines": [], "summary": {"covered_lines": 0, "num_statements": 0, "percent_covered": 100.0, "percent_covered_display": "100", "missing_lines": 0, "excluded_lines": 0, "percent_statements_covered": 100.0, "percent_statements_covered_display": "100"}, "missing_lines": [], "excluded_lines": [], "start_line": 9}, "AnalysisMode": {"executed_lines": [], "summary": {"covered_lines": 0, "num_statements": 0, "percent_covered": 100.0, "percent_covered_display": "100", "missing_lines": 0, "excluded_lines": 0, "percent_statements_covered": 100.0, "percent_statements_covered_display": "100"}, "missing_lines": [], "excluded_lines": [], "start_line": 21}, "QueryRouter": {"executed_lines": [76, 79, 82, 85, 88, 91, 93, 105, 106, 109, 110, 113, 114, 117, 118, 121, 125, 129, 130, 133, 134, 137, 142, 147, 150, 151, 153, 154, 157, 161, 163, 166, 179, 180, 181, 182, 185, 186, 187, 190, 194, 195, 197, 200, 201, 203, 206, 210, 213, 214, 215, 216, 219, 220, 225, 226, 231, 240, 243, 244, 247, 248, 251, 252, 254], "summary": {"covered_lines": 65, "num_statements": 74, "percent_covered": 87.83783783783784, "percent_covered_display": "88", "missing_lines": 9, "excluded_lines": 0, "percent_statements_covered": 87.83783783783784, "percent_statements_covered_display": "88"}, "missing_lines": [122, 126, 198, 204, 207, 221, 222, 227, 228], "excluded_lines": [], "start_line": 27}, "": {"executed_lines": [5, 6, 9, 11, 12, 13, 14, 15, 16, 17, 18, 21, 23, 24, 27, 39, 46, 54, 61, 102, 139, 159, 192, 233], "summary": {"covered_lines": 24, "num_statements": 24, "percent_covered": 100.0, "percent_covered_display": "100", "missing_lines": 0, "excluded_lines": 0, "percent_statements_covered": 100.0, "percent_statements_covered_display": "100"}, "missing_lines": [], "excluded_lines": [], "start_line": 1}}}, "app\\reasoning\\response_generator.py": {"executed_lines": [5, 8, 18, 35, 36, 42, 45, 46, 47, 48, 50, 66, 68, 69, 70, 73, 74, 75, 76, 77, 78, 80, 83, 84, 91, 92, 93, 94, 101, 102, 103, 109, 110, 115, 120, 122, 124, 125, 131, 134, 135, 136, 145, 146, 147, 156, 157, 158, 165, 170, 172, 173, 179, 180, 181, 183, 186, 194, 195, 202, 203, 209, 215, 217, 218, 223, 225, 228, 229, 230, 236, 237, 238, 244, 245, 246, 251], "summary": {"covered_lines": 77, "num_statements": 77, "percent_covered": 100.0, "percent_covered_display": "100", "missing_lines": 0, "excluded_lines": 0, "percent_statements_covered": 100.0, "percent_statements_covered_display": "100"}, "missing_lines": [], "excluded_lines": [], "functions": {"ResponseGenerator.generate": {"executed_lines": [35, 36, 42, 45, 46, 47, 48, 50], "summary": {"covered_lines": 8, "num_statements": 8, "percent_covered": 100.0, "percent_covered_display": "100", "missing_lines": 0, "excluded_lines": 0, "percent_statements_covered": 100.0, "percent_statements_covered_display": "100"}, "missing_lines": [], "excluded_lines": [], "start_line": 18}, "ResponseGenerator._generate_data_summary": {"executed_lines": [68, 69, 70, 73, 74, 75, 76, 77, 78, 80, 83, 84, 91, 92, 93, 94, 101, 102, 103, 109, 110, 115], "summary": {"covered_lines": 22, "num_statements": 22, "percent_covered": 100.0, "percent_covered_display": "100", "missing_lines": 0, "excluded_lines": 0, "percent_statements_covered": 100.0, "percent_statements_covered_display": "100"}, "missing_lines": [], "excluded_lines": [], "start_line": 66}, "ResponseGenerator._generate_technical_analysis": {"executed_lines": [122, 124, 125, 131, 134, 135, 136, 145, 146, 147, 156, 157, 158, 165], "summary": {"covered_lines": 14, "num_statements": 14, "percent_covered": 100.0, "percent_covered_display": "100", "missing_lines": 0, "excluded_lines": 0, "percent_statements_covered": 100.0, "percent_statements_covered_display": "100"}, "missing_lines": [], "excluded_lines": [], "start_line": 120}, "ResponseGenerator._generate_reference_view": {"executed_lines": [172, 173, 179, 180, 181, 183, 186, 194, 195, 202, 203, 209], "summary": {"covered_lines": 12, "num_statements": 12, "percent_covered": 100.0, "percent_covered_display": "100", "missing_lines": 0, "excluded_lines": 0, "percent_statements_covered": 100.0, "percent_statements_covered_display": "100"}, "missing_lines": [], "excluded_lines": [], "start_line": 170}, "ResponseGenerator._generate_risk_warnings": {"executed_lines": [217, 218, 223, 225, 228, 229, 230, 236, 237, 238, 244, 245, 246, 251], "summary": {"covered_lines": 14, "num_statements": 14, "percent_covered": 100.0, "percent_covered_display": "100", "missing_lines": 0, "excluded_lines": 0, "percent_statements_covered": 100.0, "percent_statements_covered_display": "100"}, "missing_lines": [], "excluded_lines": [], "start_line": 215}, "": {"executed_lines": [5, 8, 18, 66, 120, 170, 215], "summary": {"covered_lines": 7, "num_statements": 7, "percent_covered": 100.0, "percent_covered_display": "100", "missing_lines": 0, "excluded_lines": 0, "percent_statements_covered": 100.0, "percent_statements_covered_display": "100"}, "missing_lines": [], "excluded_lines": [], "start_line": 1}}, "classes": {"ResponseGenerator": {"executed_lines": [35, 36, 42, 45, 46, 47, 48, 50, 68, 69, 70, 73, 74, 75, 76, 77, 78, 80, 83, 84, 91, 92, 93, 94, 101, 102, 103, 109, 110, 115, 122, 124, 125, 131, 134, 135, 136, 145, 146, 147, 156, 157, 158, 165, 172, 173, 179, 180, 181, 183, 186, 194, 195, 202, 203, 209, 217, 218, 223, 225, 228, 229, 230, 236, 237, 238, 244, 245, 246, 251], "summary": {"covered_lines": 70, "num_statements": 70, "percent_covered": 100.0, "percent_covered_display": "100", "missing_lines": 0, "excluded_lines": 0, "percent_statements_covered": 100.0, "percent_statements_covered_display": "100"}, "missing_lines": [], "excluded_lines": [], "start_line": 8}, "": {"executed_lines": [5, 8, 18, 66, 120, 170, 215], "summary": {"covered_lines": 7, "num_statements": 7, "percent_covered": 100.0, "percent_covered_display": "100", "missing_lines": 0, "excluded_lines": 0, "percent_statements_covered": 100.0, "percent_statements_covered_display": "100"}, "missing_lines": [], "excluded_lines": [], "start_line": 1}}}, "app\\routing\\__init__.py": {"executed_lines": [4, 6], "summary": {"covered_lines": 2, "num_statements": 2, "percent_covered": 100.0, "percent_covered_display": "100", "missing_lines": 0, "excluded_lines": 0, "percent_statements_covered": 100.0, "percent_statements_covered_display": "100"}, "missing_lines": [], "excluded_lines": [], "functions": {"": {"executed_lines": [4, 6], "summary": {"covered_lines": 2, "num_statements": 2, "percent_covered": 100.0, "percent_covered_display": "100", "missing_lines": 0, "excluded_lines": 0, "percent_statements_covered": 100.0, "percent_statements_covered_display": "100"}, "missing_lines": [], "excluded_lines": [], "start_line": 1}}, "classes": {"": {"executed_lines": [4, 6], "summary": {"covered_lines": 2, "num_statements": 2, "percent_covered": 100.0, "percent_covered_display": "100", "missing_lines": 0, "excluded_lines": 0, "percent_statements_covered": 100.0, "percent_statements_covered_display": "100"}, "missing_lines": [], "excluded_lines": [], "start_line": 1}}}, "app\\routing\\router.py": {"executed_lines": [3, 5, 6, 7, 8, 10, 11, 14, 15, 16, 17, 18, 21, 22, 23, 24, 25, 26, 27, 28, 29, 30, 31, 32, 35, 38, 55, 70, 88, 97, 106, 113, 123, 133, 134, 135, 136, 137, 139, 140, 141, 142, 144, 146, 147, 148, 151, 153, 160, 161, 166, 167, 168, 169, 171, 172, 173, 185, 187, 188, 189, 191, 192, 193, 196, 197, 198, 200, 201, 204, 206, 207, 208, 211, 212, 215, 216, 219, 221, 222, 223], "summary": {"covered_lines": 81, "num_statements": 99, "percent_covered": 81.81818181818181, "percent_covered_display": "82", "missing_lines": 18, "excluded_lines": 0, "percent_statements_covered": 81.81818181818181, "percent_statements_covered_display": "82"}, "missing_lines": [145, 149, 170, 174, 175, 176, 177, 178, 179, 180, 181, 182, 183, 194, 202, 209, 213, 217], "excluded_lines": [], "functions": {"QueryRouter.classify": {"executed_lines": [134, 135, 136, 137, 139, 140, 141, 142, 144, 146, 147, 148, 151, 153, 160, 161, 166, 167, 168, 169, 171, 172, 173, 185], "summary": {"covered_lines": 24, "num_statements": 37, "percent_covered": 64.86486486486487, "percent_covered_display": "65", "missing_lines": 13, "excluded_lines": 0, "percent_statements_covered": 64.86486486486487, "percent_statements_covered_display": "65"}, "missing_lines": [145, 149, 170, 174, 175, 176, 177, 178, 179, 180, 181, 182, 183], "excluded_lines": [], "start_line": 133}, "QueryRouter._clean_query": {"executed_lines": [188, 189], "summary": {"covered_lines": 2, "num_statements": 2, "percent_covered": 100.0, "percent_covered_display": "100", "missing_lines": 0, "excluded_lines": 0, "percent_statements_covered": 100.0, "percent_statements_covered_display": "100"}, "missing_lines": [], "excluded_lines": [], "start_line": 187}, "QueryRouter._extract_symbols": {"executed_lines": [192, 193, 196, 197, 198, 200, 201, 204], "summary": {"covered_lines": 8, "num_statements": 10, "percent_covered": 80.0, "percent_covered_display": "80", "missing_lines": 2, "excluded_lines": 0, "percent_statements_covered": 80.0, "percent_statements_covered_display": "80"}, "missing_lines": [194, 202], "excluded_lines": [], "start_line": 191}, "QueryRouter._extract_days": {"executed_lines": [207, 208, 211, 212, 215, 216, 219], "summary": {"covered_lines": 7, "num_statements": 10, "percent_covered": 70.0, "percent_covered_display": "70", "missing_lines": 3, "excluded_lines": 0, "percent_statements_covered": 70.0, "percent_statements_covered_display": "70"}, "missing_lines": [209, 213, 217], "excluded_lines": [], "start_line": 206}, "QueryRouter._contains_any": {"executed_lines": [223], "summary": {"covered_lines": 1, "num_statements": 1, "percent_covered": 100.0, "percent_covered_display": "100", "missing_lines": 0, "excluded_lines": 0, "percent_statements_covered": 100.0, "percent_statements_covered_display": "100"}, "missing_lines": [], "excluded_lines": [], "start_line": 222}, "": {"executed_lines": [3, 5, 6, 7, 8, 10, 11, 14, 15, 16, 17, 18, 21, 22, 23, 24, 25, 26, 27, 28, 29, 30, 31, 32, 35, 38, 55, 70, 88, 97, 106, 113, 123, 133, 187, 191, 206, 221, 222], "summary": {"covered_lines": 39, "num_statements": 39, "percent_covered": 100.0, "percent_covered_display": "100", "missing_lines": 0, "excluded_lines": 0, "percent_statements_covered": 100.0, "percent_statements_covered_display": "100"}, "missing_lines": [], "excluded_lines": [], "start_line": 1}}, "classes": {"QueryType": {"executed_lines": [], "summary": {"covered_lines": 0, "num_statements": 0, "percent_covered": 100.0, "percent_covered_display": "100", "missing_lines": 0, "excluded_lines": 0, "percent_statements_covered": 100.0, "percent_statements_covered_display": "100"}, "missing_lines": [], "excluded_lines": [], "start_line": 14}, "QueryRoute": {"executed_lines": [], "summary": {"covered_lines": 0, "num_statements": 0, "percent_covered": 100.0, "percent_covered_display": "100", "missing_lines": 0, "excluded_lines": 0, "percent_statements_covered": 100.0, "percent_statements_covered_display": "100"}, "missing_lines": [], "excluded_lines": [], "start_line": 22}, "QueryRouter": {"executed_lines": [134, 135, 136, 137, 139, 140, 141, 142, 144, 146, 147, 148, 151, 153, 160, 161, 166, 167, 168, 169, 171, 172, 173, 185, 188, 189, 192, 193, 196, 197, 198, 200, 201, 204, 207, 208, 211, 212, 215, 216, 219, 223], "summary": {"covered_lines": 42, "num_statements": 60, "percent_covered": 70.0, "percent_covered_display": "70", "missing_lines": 18, "excluded_lines": 0, "percent_statements_covered": 70.0, "percent_statements_covered_display": "70"}, "missing_lines": [145, 149, 170, 174, 175, 176, 177, 178, 179, 180, 181, 182, 183, 194, 202, 209, 213, 217], "excluded_lines": [], "start_line": 35}, "": {"executed_lines": [3, 5, 6, 7, 8, 10, 11, 14, 15, 16, 17, 18, 21, 22, 23, 24, 25, 26, 27, 28, 29, 30, 31, 32, 35, 38, 55, 70, 88, 97, 106, 113, 123, 133, 187, 191, 206, 221, 222], "summary": {"covered_lines": 39, "num_statements": 39, "percent_covered": 100.0, "percent_covered_display": "100", "missing_lines": 0, "excluded_lines": 0, "percent_statements_covered": 100.0, "percent_statements_covered_display": "100"}, "missing_lines": [], "excluded_lines": [], "start_line": 1}}}, "app\\search\\__init__.py": {"executed_lines": [4, 6], "summary": {"covered_lines": 2, "num_statements": 2, "percent_covered": 100.0, "percent_covered_display": "100", "missing_lines": 0, "excluded_lines": 0, "percent_statements_covered": 100.0, "percent_statements_covered_display": "100"}, "missing_lines": [], "excluded_lines": [], "functions": {"": {"executed_lines": [4, 6], "summary": {"covered_lines": 2, "num_statements": 2, "percent_covered": 100.0, "percent_covered_display": "100", "missing_lines": 0, "excluded_lines": 0, "percent_statements_covered": 100.0, "percent_statements_covered_display": "100"}, "missing_lines": [], "excluded_lines": [], "start_line": 1}}, "classes": {"": {"executed_lines": [4, 6], "summary": {"covered_lines": 2, "num_statements": 2, "percent_covered": 100.0, "percent_covered_display": "100", "missing_lines": 0, "excluded_lines": 0, "percent_statements_covered": 100.0, "percent_statements_covered_display": "100"}, "missing_lines": [], "excluded_lines": [], "start_line": 1}}}, "app\\search\\service.py": {"executed_lines": [4, 5, 6, 7, 10, 13, 14, 15, 17, 22, 24, 29, 30, 31, 43, 44, 45, 47, 48, 55, 59, 60, 63], "summary": {"covered_lines": 23, "num_statements": 23, "percent_covered": 100.0, "percent_covered_display": "100", "missing_lines": 0, "excluded_lines": 0, "percent_statements_covered": 100.0, "percent_statements_covered_display": "100"}, "missing_lines": [], "excluded_lines": [], "functions": {"WebSearchService.__init__": {"executed_lines": [14, 15], "summary": {"covered_lines": 2, "num_statements": 2, "percent_covered": 100.0, "percent_covered_display": "100", "missing_lines": 0, "excluded_lines": 0, "percent_statements_covered": 100.0, "percent_statements_covered_display": "100"}, "missing_lines": [], "excluded_lines": [], "start_line": 13}, "WebSearchService.search": {"executed_lines": [22, 24, 29, 30, 31, 43, 44, 45, 47, 48, 55, 59, 60, 63], "summary": {"covered_lines": 14, "num_statements": 14, "percent_covered": 100.0, "percent_covered_display": "100", "missing_lines": 0, "excluded_lines": 0, "percent_statements_covered": 100.0, "percent_statements_covered_display": "100"}, "missing_lines": [], "excluded_lines": [], "start_line": 17}, "": {"executed_lines": [4, 5, 6, 7, 10, 13, 17], "summary": {"covered_lines": 7, "num_statements": 7, "percent_covered": 100.0, "percent_covered_display": "100", "missing_lines": 0, "excluded_lines": 0, "percent_statements_covered": 100.0, "percent_statements_covered_display": "100"}, "missing_lines": [], "excluded_lines": [], "start_line": 1}}, "classes": {"WebSearchService": {"executed_lines": [14, 15, 22, 24, 29, 30, 31, 43, 44, 45, 47, 48, 55, 59, 60, 63], "summary": {"covered_lines": 16, "num_statements": 16, "percent_covered": 100.0, "percent_covered_display": "100", "missing_lines": 0, "excluded_lines": 0, "percent_statements_covered": 100.0, "percent_statements_covered_display": "100"}, "missing_lines": [], "excluded_lines": [], "start_line": 10}, "": {"executed_lines": [4, 5, 6, 7, 10, 13, 17], "summary": {"covered_lines": 7, "num_statements": 7, "percent_covered": 100.0, "percent_covered_display": "100", "missing_lines": 0, "excluded_lines": 0, "percent_statements_covered": 100.0, "percent_statements_covered_display": "100"}, "missing_lines": [], "excluded_lines": [], "start_line": 1}}}}, "totals": {"covered_lines": 1485, "num_statements": 1739, "percent_covered": 85.39390454284072, "percent_covered_display": "85", "missing_lines": 254, "excluded_lines": 0, "percent_statements_covered": 85.39390454284072, "percent_statements_covered_display": "85"}}